2024-11-20 08:46:37,531 - ERROR - Service process refused to terminate gracefully with SIGTERM, escalating to SIGKILL.
Traceback (most recent call last):
  File "/root/anaconda3/envs/smartbook_wsl/lib/python3.11/site-packages/selenium/webdriver/common/service.py", line 178, in _terminate_process
    self.process.wait(60)
  File "/root/anaconda3/envs/smartbook_wsl/lib/python3.11/subprocess.py", line 1264, in wait
    return self._wait(timeout=timeout)
           ^^^^^^^^^^^^^^^^^^^^^^^^^^^
  File "/root/anaconda3/envs/smartbook_wsl/lib/python3.11/subprocess.py", line 2045, in _wait
    raise TimeoutExpired(self.args, timeout)
subprocess.TimeoutExpired: Command '['/root/anaconda3/envs/smartbook_wsl/lib/python3.11/site-packages/seleniumbase/drivers/chromedriver', '--port=44431']' timed out after 60 seconds
2024-11-20 08:48:55,142 - DEBUG - Selenium Manager binary found at: /root/anaconda3/envs/smartbook_wsl/lib/python3.11/site-packages/selenium/webdriver/common/linux/selenium-manager
2024-11-20 08:48:55,143 - DEBUG - Executing process: /root/anaconda3/envs/smartbook_wsl/lib/python3.11/site-packages/selenium/webdriver/common/linux/selenium-manager --browser chrome --debug --language-binding python --output json
2024-11-20 08:48:56,579 - DEBUG - Found chromedriver 131.0.6778.69 in PATH: /root/anaconda3/envs/smartbook_wsl/lib/python3.11/site-packages/seleniumbase/drivers/chromedriver
2024-11-20 08:48:56,580 - DEBUG - chrome not found in PATH
2024-11-20 08:48:56,580 - DEBUG - chrome not found in the system
2024-11-20 08:48:56,580 - DEBUG - Required browser: chrome 131.0.6778.85
2024-11-20 08:48:56,580 - DEBUG - chrome 131.0.6778.85 already exists
2024-11-20 08:48:56,581 - DEBUG - chrome 131.0.6778.85 is available at /root/.cache/selenium/chrome/linux64/131.0.6778.85/chrome
2024-11-20 08:48:56,581 - DEBUG - Required driver: chromedriver 131.0.6778.85
2024-11-20 08:48:56,581 - DEBUG - Driver path: /root/anaconda3/envs/smartbook_wsl/lib/python3.11/site-packages/seleniumbase/drivers/chromedriver
2024-11-20 08:48:56,581 - DEBUG - Browser path: /root/.cache/selenium/chrome/linux64/131.0.6778.85/chrome
2024-11-20 08:48:56,582 - DEBUG - Started executable: `/root/anaconda3/envs/smartbook_wsl/lib/python3.11/site-packages/seleniumbase/drivers/chromedriver` in a child process with pid: 219129 using 0 to output -3
2024-11-20 15:38:01,836 - DEBUG - Selenium Manager binary found at: /root/anaconda3/envs/smartbook_wsl/lib/python3.11/site-packages/selenium/webdriver/common/linux/selenium-manager
2024-11-20 15:38:01,841 - DEBUG - Executing process: /root/anaconda3/envs/smartbook_wsl/lib/python3.11/site-packages/selenium/webdriver/common/linux/selenium-manager --browser chrome --debug --language-binding python --output json
2024-11-20 15:38:02,393 - DEBUG - Found chromedriver 131.0.6778.69 in PATH: /root/anaconda3/envs/smartbook_wsl/lib/python3.11/site-packages/seleniumbase/drivers/chromedriver
2024-11-20 15:38:02,394 - DEBUG - chrome not found in PATH
2024-11-20 15:38:02,394 - DEBUG - chrome not found in the system
2024-11-20 15:38:02,395 - DEBUG - Discovering versions from https://googlechromelabs.github.io/chrome-for-testing/last-known-good-versions-with-downloads.json
2024-11-20 15:38:02,395 - DEBUG - Required browser: chrome 131.0.6778.85
2024-11-20 15:38:02,395 - DEBUG - chrome 131.0.6778.85 already exists
2024-11-20 15:38:02,395 - DEBUG - chrome 131.0.6778.85 is available at /root/.cache/selenium/chrome/linux64/131.0.6778.85/chrome
2024-11-20 15:38:02,395 - DEBUG - Discovering versions from https://googlechromelabs.github.io/chrome-for-testing/known-good-versions-with-downloads.json
2024-11-20 15:38:02,396 - DEBUG - Required driver: chromedriver 131.0.6778.85
2024-11-20 15:38:02,396 - DEBUG - Driver path: /root/anaconda3/envs/smartbook_wsl/lib/python3.11/site-packages/seleniumbase/drivers/chromedriver
2024-11-20 15:38:02,396 - DEBUG - Browser path: /root/.cache/selenium/chrome/linux64/131.0.6778.85/chrome
2024-11-20 15:38:02,397 - DEBUG - Started executable: `/root/anaconda3/envs/smartbook_wsl/lib/python3.11/site-packages/seleniumbase/drivers/chromedriver` in a child process with pid: 1553 using 0 to output -3
2024-11-20 15:38:05,705 - DEBUG - Selenium Manager binary found at: /root/anaconda3/envs/smartbook_wsl/lib/python3.11/site-packages/selenium/webdriver/common/linux/selenium-manager
2024-11-20 15:38:05,706 - DEBUG - Executing process: /root/anaconda3/envs/smartbook_wsl/lib/python3.11/site-packages/selenium/webdriver/common/linux/selenium-manager --browser chrome --debug --language-binding python --output json
2024-11-20 15:38:06,173 - DEBUG - Found chromedriver 131.0.6778.69 in PATH: /root/anaconda3/envs/smartbook_wsl/lib/python3.11/site-packages/seleniumbase/drivers/chromedriver
2024-11-20 15:38:06,173 - DEBUG - chrome not found in PATH
2024-11-20 15:38:06,174 - DEBUG - chrome not found in the system
2024-11-20 15:38:06,174 - DEBUG - Required browser: chrome 131.0.6778.85
2024-11-20 15:38:06,174 - DEBUG - chrome 131.0.6778.85 already exists
2024-11-20 15:38:06,174 - DEBUG - chrome 131.0.6778.85 is available at /root/.cache/selenium/chrome/linux64/131.0.6778.85/chrome
2024-11-20 15:38:06,174 - DEBUG - Required driver: chromedriver 131.0.6778.85
2024-11-20 15:38:06,174 - DEBUG - Driver path: /root/anaconda3/envs/smartbook_wsl/lib/python3.11/site-packages/seleniumbase/drivers/chromedriver
2024-11-20 15:38:06,174 - DEBUG - Browser path: /root/.cache/selenium/chrome/linux64/131.0.6778.85/chrome
2024-11-20 15:38:06,175 - DEBUG - Started executable: `/root/anaconda3/envs/smartbook_wsl/lib/python3.11/site-packages/seleniumbase/drivers/chromedriver` in a child process with pid: 1682 using 0 to output -3
2024-11-20 15:38:06,701 - INFO - Existing cookies found at ./saved_cookies/cookies_llu430173@gmail.com.txt
2024-11-20 15:38:06,703 - INFO - Existing cookies found at ./saved_cookies/cookies_llu430173@gmail.com.txt
2024-11-20 15:38:06,720 - DEBUG - 
def chord(self, header, body, partial_args=0, interval=1, countdown=2, max_retries=3, eager=4, **kwargs):
    return 1

2024-11-20 15:38:06,720 - DEBUG - 
def chunks(task, it, n):
    return 1

2024-11-20 15:38:06,721 - DEBUG - 
def unlock_chord(self, group_id, callback, interval=0, max_retries=1, result=2, Result=3, GroupResult=4, result_from_tuple=5, **kwargs):
    return 1

2024-11-20 15:38:06,721 - DEBUG - 
def process_booking_request(requirements):
    return 1

2024-11-20 15:38:06,722 - DEBUG - 
def group(self, tasks, result, group_id, partial_args, add_to_parent=0):
    return 1

2024-11-20 15:38:06,722 - DEBUG - 
def xmap(task, it):
    return 1

2024-11-20 15:38:06,722 - DEBUG - 
def backend_cleanup():
    return 1

2024-11-20 15:38:06,723 - DEBUG - 
def chain(*args, **kwargs):
    return 1

2024-11-20 15:38:06,723 - DEBUG - 
def xstarmap(task, it):
    return 1

2024-11-20 15:38:06,724 - DEBUG - 
def accumulate(self, *args, **kwargs):
    return 1

2024-11-20 15:40:17,065 - DEBUG - Selenium Manager binary found at: /root/anaconda3/envs/smartbook_wsl/lib/python3.11/site-packages/selenium/webdriver/common/linux/selenium-manager
2024-11-20 15:40:17,066 - DEBUG - Executing process: /root/anaconda3/envs/smartbook_wsl/lib/python3.11/site-packages/selenium/webdriver/common/linux/selenium-manager --browser chrome --debug --language-binding python --output json
2024-11-20 15:40:17,392 - DEBUG - Found chromedriver 131.0.6778.69 in PATH: /root/anaconda3/envs/smartbook_wsl/lib/python3.11/site-packages/seleniumbase/drivers/chromedriver
2024-11-20 15:40:17,393 - DEBUG - chrome not found in PATH
2024-11-20 15:40:17,393 - DEBUG - chrome not found in the system
2024-11-20 15:40:17,393 - DEBUG - Required browser: chrome 131.0.6778.85
2024-11-20 15:40:17,393 - DEBUG - chrome 131.0.6778.85 already exists
2024-11-20 15:40:17,393 - DEBUG - chrome 131.0.6778.85 is available at /root/.cache/selenium/chrome/linux64/131.0.6778.85/chrome
2024-11-20 15:40:17,394 - DEBUG - Required driver: chromedriver 131.0.6778.85
2024-11-20 15:40:17,394 - DEBUG - Driver path: /root/anaconda3/envs/smartbook_wsl/lib/python3.11/site-packages/seleniumbase/drivers/chromedriver
2024-11-20 15:40:17,394 - DEBUG - Browser path: /root/.cache/selenium/chrome/linux64/131.0.6778.85/chrome
2024-11-20 15:40:17,395 - DEBUG - Started executable: `/root/anaconda3/envs/smartbook_wsl/lib/python3.11/site-packages/seleniumbase/drivers/chromedriver` in a child process with pid: 2591 using 0 to output -3
2024-11-20 15:40:19,781 - DEBUG - Selenium Manager binary found at: /root/anaconda3/envs/smartbook_wsl/lib/python3.11/site-packages/selenium/webdriver/common/linux/selenium-manager
2024-11-20 15:40:19,781 - DEBUG - Executing process: /root/anaconda3/envs/smartbook_wsl/lib/python3.11/site-packages/selenium/webdriver/common/linux/selenium-manager --browser chrome --debug --language-binding python --output json
2024-11-20 15:40:20,106 - DEBUG - Found chromedriver 131.0.6778.69 in PATH: /root/anaconda3/envs/smartbook_wsl/lib/python3.11/site-packages/seleniumbase/drivers/chromedriver
2024-11-20 15:40:20,106 - DEBUG - chrome not found in PATH
2024-11-20 15:40:20,106 - DEBUG - chrome not found in the system
2024-11-20 15:40:20,106 - DEBUG - Required browser: chrome 131.0.6778.85
2024-11-20 15:40:20,107 - DEBUG - chrome 131.0.6778.85 already exists
2024-11-20 15:40:20,107 - DEBUG - chrome 131.0.6778.85 is available at /root/.cache/selenium/chrome/linux64/131.0.6778.85/chrome
2024-11-20 15:40:20,107 - DEBUG - Required driver: chromedriver 131.0.6778.85
2024-11-20 15:40:20,107 - DEBUG - Driver path: /root/anaconda3/envs/smartbook_wsl/lib/python3.11/site-packages/seleniumbase/drivers/chromedriver
2024-11-20 15:40:20,107 - DEBUG - Browser path: /root/.cache/selenium/chrome/linux64/131.0.6778.85/chrome
2024-11-20 15:40:20,107 - DEBUG - Started executable: `/root/anaconda3/envs/smartbook_wsl/lib/python3.11/site-packages/seleniumbase/drivers/chromedriver` in a child process with pid: 2717 using 0 to output -3
2024-11-20 15:40:20,577 - INFO - Existing cookies found at ./saved_cookies/cookies_llu430173@gmail.com.txt
2024-11-20 15:40:20,579 - INFO - Existing cookies found at ./saved_cookies/cookies_llu430173@gmail.com.txt
2024-11-20 15:40:20,586 - DEBUG - 
def chord(self, header, body, partial_args=0, interval=1, countdown=2, max_retries=3, eager=4, **kwargs):
    return 1

2024-11-20 15:40:20,586 - DEBUG - 
def chunks(task, it, n):
    return 1

2024-11-20 15:40:20,587 - DEBUG - 
def unlock_chord(self, group_id, callback, interval=0, max_retries=1, result=2, Result=3, GroupResult=4, result_from_tuple=5, **kwargs):
    return 1

2024-11-20 15:40:20,587 - DEBUG - 
def process_booking_request(requirements):
    return 1

2024-11-20 15:40:20,588 - DEBUG - 
def group(self, tasks, result, group_id, partial_args, add_to_parent=0):
    return 1

2024-11-20 15:40:20,588 - DEBUG - 
def xmap(task, it):
    return 1

2024-11-20 15:40:20,588 - DEBUG - 
def backend_cleanup():
    return 1

2024-11-20 15:40:20,589 - DEBUG - 
def chain(*args, **kwargs):
    return 1

2024-11-20 15:40:20,589 - DEBUG - 
def xstarmap(task, it):
    return 1

2024-11-20 15:40:20,590 - DEBUG - 
def accumulate(self, *args, **kwargs):
    return 1

2024-11-20 15:40:41,719 - DEBUG - Selenium Manager binary found at: /root/anaconda3/envs/smartbook_wsl/lib/python3.11/site-packages/selenium/webdriver/common/linux/selenium-manager
2024-11-20 15:40:41,719 - DEBUG - Executing process: /root/anaconda3/envs/smartbook_wsl/lib/python3.11/site-packages/selenium/webdriver/common/linux/selenium-manager --browser chrome --debug --language-binding python --output json
2024-11-20 15:40:41,999 - DEBUG - Found chromedriver 131.0.6778.69 in PATH: /root/anaconda3/envs/smartbook_wsl/lib/python3.11/site-packages/seleniumbase/drivers/chromedriver
2024-11-20 15:40:42,000 - DEBUG - chrome not found in PATH
2024-11-20 15:40:42,000 - DEBUG - chrome not found in the system
2024-11-20 15:40:42,000 - DEBUG - Required browser: chrome 131.0.6778.85
2024-11-20 15:40:42,000 - DEBUG - chrome 131.0.6778.85 already exists
2024-11-20 15:40:42,000 - DEBUG - chrome 131.0.6778.85 is available at /root/.cache/selenium/chrome/linux64/131.0.6778.85/chrome
2024-11-20 15:40:42,000 - DEBUG - Required driver: chromedriver 131.0.6778.85
2024-11-20 15:40:42,000 - DEBUG - Driver path: /root/anaconda3/envs/smartbook_wsl/lib/python3.11/site-packages/seleniumbase/drivers/chromedriver
2024-11-20 15:40:42,000 - DEBUG - Browser path: /root/.cache/selenium/chrome/linux64/131.0.6778.85/chrome
2024-11-20 15:40:42,001 - DEBUG - Started executable: `/root/anaconda3/envs/smartbook_wsl/lib/python3.11/site-packages/seleniumbase/drivers/chromedriver` in a child process with pid: 3191 using 0 to output -3
2024-11-20 15:40:44,113 - DEBUG - Selenium Manager binary found at: /root/anaconda3/envs/smartbook_wsl/lib/python3.11/site-packages/selenium/webdriver/common/linux/selenium-manager
2024-11-20 15:40:44,113 - DEBUG - Executing process: /root/anaconda3/envs/smartbook_wsl/lib/python3.11/site-packages/selenium/webdriver/common/linux/selenium-manager --browser chrome --debug --language-binding python --output json
2024-11-20 15:40:44,389 - DEBUG - Found chromedriver 131.0.6778.69 in PATH: /root/anaconda3/envs/smartbook_wsl/lib/python3.11/site-packages/seleniumbase/drivers/chromedriver
2024-11-20 15:40:44,389 - DEBUG - chrome not found in PATH
2024-11-20 15:40:44,389 - DEBUG - chrome not found in the system
2024-11-20 15:40:44,389 - DEBUG - Required browser: chrome 131.0.6778.85
2024-11-20 15:40:44,389 - DEBUG - chrome 131.0.6778.85 already exists
2024-11-20 15:40:44,389 - DEBUG - chrome 131.0.6778.85 is available at /root/.cache/selenium/chrome/linux64/131.0.6778.85/chrome
2024-11-20 15:40:44,389 - DEBUG - Required driver: chromedriver 131.0.6778.85
2024-11-20 15:40:44,389 - DEBUG - Driver path: /root/anaconda3/envs/smartbook_wsl/lib/python3.11/site-packages/seleniumbase/drivers/chromedriver
2024-11-20 15:40:44,389 - DEBUG - Browser path: /root/.cache/selenium/chrome/linux64/131.0.6778.85/chrome
2024-11-20 15:40:44,390 - DEBUG - Started executable: `/root/anaconda3/envs/smartbook_wsl/lib/python3.11/site-packages/seleniumbase/drivers/chromedriver` in a child process with pid: 3316 using 0 to output -3
2024-11-20 15:40:44,810 - INFO - Existing cookies found at ./saved_cookies/cookies_llu430173@gmail.com.txt
2024-11-20 15:40:44,811 - INFO - Existing cookies found at ./saved_cookies/cookies_llu430173@gmail.com.txt
2024-11-20 15:40:44,828 - INFO - [31m[1mWARNING: This is a development server. Do not use it in a production deployment. Use a production WSGI server instead.[0m
 * Running on all addresses (0.0.0.0)
 * Running on http://127.0.0.1:5000
 * Running on http://172.25.141.89:5000
2024-11-20 15:40:44,828 - INFO - [33mPress CTRL+C to quit[0m
2024-11-20 15:40:44,830 - INFO -  * Restarting with stat
2024-11-20 15:40:46,699 - DEBUG - Selenium Manager binary found at: /root/anaconda3/envs/smartbook_wsl/lib/python3.11/site-packages/selenium/webdriver/common/linux/selenium-manager
2024-11-20 15:40:46,699 - DEBUG - Executing process: /root/anaconda3/envs/smartbook_wsl/lib/python3.11/site-packages/selenium/webdriver/common/linux/selenium-manager --browser chrome --debug --language-binding python --output json
2024-11-20 15:40:46,983 - DEBUG - Found chromedriver 131.0.6778.69 in PATH: /root/anaconda3/envs/smartbook_wsl/lib/python3.11/site-packages/seleniumbase/drivers/chromedriver
2024-11-20 15:40:46,983 - DEBUG - chrome not found in PATH
2024-11-20 15:40:46,983 - DEBUG - chrome not found in the system
2024-11-20 15:40:46,983 - DEBUG - Required browser: chrome 131.0.6778.85
2024-11-20 15:40:46,983 - DEBUG - chrome 131.0.6778.85 already exists
2024-11-20 15:40:46,983 - DEBUG - chrome 131.0.6778.85 is available at /root/.cache/selenium/chrome/linux64/131.0.6778.85/chrome
2024-11-20 15:40:46,983 - DEBUG - Required driver: chromedriver 131.0.6778.85
2024-11-20 15:40:46,983 - DEBUG - Driver path: /root/anaconda3/envs/smartbook_wsl/lib/python3.11/site-packages/seleniumbase/drivers/chromedriver
2024-11-20 15:40:46,984 - DEBUG - Browser path: /root/.cache/selenium/chrome/linux64/131.0.6778.85/chrome
2024-11-20 15:40:46,984 - DEBUG - Started executable: `/root/anaconda3/envs/smartbook_wsl/lib/python3.11/site-packages/seleniumbase/drivers/chromedriver` in a child process with pid: 3445 using 0 to output -3
2024-11-20 15:40:49,374 - DEBUG - Selenium Manager binary found at: /root/anaconda3/envs/smartbook_wsl/lib/python3.11/site-packages/selenium/webdriver/common/linux/selenium-manager
2024-11-20 15:40:49,374 - DEBUG - Executing process: /root/anaconda3/envs/smartbook_wsl/lib/python3.11/site-packages/selenium/webdriver/common/linux/selenium-manager --browser chrome --debug --language-binding python --output json
2024-11-20 15:40:49,907 - DEBUG - Found chromedriver 131.0.6778.69 in PATH: /root/anaconda3/envs/smartbook_wsl/lib/python3.11/site-packages/seleniumbase/drivers/chromedriver
2024-11-20 15:40:49,907 - DEBUG - chrome not found in PATH
2024-11-20 15:40:49,908 - DEBUG - chrome not found in the system
2024-11-20 15:40:49,908 - DEBUG - Required browser: chrome 131.0.6778.85
2024-11-20 15:40:49,908 - DEBUG - chrome 131.0.6778.85 already exists
2024-11-20 15:40:49,908 - DEBUG - chrome 131.0.6778.85 is available at /root/.cache/selenium/chrome/linux64/131.0.6778.85/chrome
2024-11-20 15:40:49,908 - DEBUG - Required driver: chromedriver 131.0.6778.85
2024-11-20 15:40:49,908 - DEBUG - Driver path: /root/anaconda3/envs/smartbook_wsl/lib/python3.11/site-packages/seleniumbase/drivers/chromedriver
2024-11-20 15:40:49,908 - DEBUG - Browser path: /root/.cache/selenium/chrome/linux64/131.0.6778.85/chrome
2024-11-20 15:40:49,909 - DEBUG - Started executable: `/root/anaconda3/envs/smartbook_wsl/lib/python3.11/site-packages/seleniumbase/drivers/chromedriver` in a child process with pid: 3573 using 0 to output -3
2024-11-20 15:40:50,565 - INFO - Existing cookies found at ./saved_cookies/cookies_llu430173@gmail.com.txt
2024-11-20 15:40:50,567 - INFO - Existing cookies found at ./saved_cookies/cookies_llu430173@gmail.com.txt
2024-11-20 15:40:50,578 - WARNING -  * Debugger is active!
2024-11-20 15:40:50,578 - INFO -  * Debugger PIN: 128-437-512
2024-11-20 15:41:11,846 - DEBUG - 
def chunks(task, it, n):
    return 1

2024-11-20 15:41:11,847 - DEBUG - 
def unlock_chord(self, group_id, callback, interval=0, max_retries=1, result=2, Result=3, GroupResult=4, result_from_tuple=5, **kwargs):
    return 1

2024-11-20 15:41:11,848 - DEBUG - 
def group(self, tasks, result, group_id, partial_args, add_to_parent=0):
    return 1

2024-11-20 15:41:11,848 - DEBUG - 
def xmap(task, it):
    return 1

2024-11-20 15:41:11,848 - DEBUG - 
def backend_cleanup():
    return 1

2024-11-20 15:41:11,848 - DEBUG - 
def process_booking_request(requirements):
    return 1

2024-11-20 15:41:11,848 - DEBUG - 
def chain(*args, **kwargs):
    return 1

2024-11-20 15:41:11,849 - DEBUG - 
def xstarmap(task, it):
    return 1

2024-11-20 15:41:11,849 - DEBUG - 
def accumulate(self, *args, **kwargs):
    return 1

2024-11-20 15:41:11,849 - DEBUG - 
def chord(self, header, body, partial_args=0, interval=1, countdown=2, max_retries=3, eager=4, **kwargs):
    return 1

2024-11-20 15:41:11,896 - INFO - 127.0.0.1 - - [20/Nov/2024 15:41:11] "[35m[1mPOST /book-room HTTP/1.1[0m" 202 -
2024-11-20 15:42:35,872 - INFO -  * Detected change in '/mnt/d/Academic/healthy building/smartbook/test_1/pytest.py', reloading
2024-11-20 15:42:35,934 - INFO -  * Restarting with stat
2024-11-20 15:42:38,183 - DEBUG - Selenium Manager binary found at: /root/anaconda3/envs/smartbook_wsl/lib/python3.11/site-packages/selenium/webdriver/common/linux/selenium-manager
2024-11-20 15:42:38,184 - DEBUG - Executing process: /root/anaconda3/envs/smartbook_wsl/lib/python3.11/site-packages/selenium/webdriver/common/linux/selenium-manager --browser chrome --debug --language-binding python --output json
2024-11-20 15:42:38,503 - DEBUG - Found chromedriver 131.0.6778.69 in PATH: /root/anaconda3/envs/smartbook_wsl/lib/python3.11/site-packages/seleniumbase/drivers/chromedriver
2024-11-20 15:42:38,503 - DEBUG - chrome not found in PATH
2024-11-20 15:42:38,503 - DEBUG - chrome not found in the system
2024-11-20 15:42:38,503 - DEBUG - Required browser: chrome 131.0.6778.85
2024-11-20 15:42:38,503 - DEBUG - chrome 131.0.6778.85 already exists
2024-11-20 15:42:38,503 - DEBUG - chrome 131.0.6778.85 is available at /root/.cache/selenium/chrome/linux64/131.0.6778.85/chrome
2024-11-20 15:42:38,503 - DEBUG - Required driver: chromedriver 131.0.6778.85
2024-11-20 15:42:38,504 - DEBUG - Driver path: /root/anaconda3/envs/smartbook_wsl/lib/python3.11/site-packages/seleniumbase/drivers/chromedriver
2024-11-20 15:42:38,504 - DEBUG - Browser path: /root/.cache/selenium/chrome/linux64/131.0.6778.85/chrome
2024-11-20 15:42:38,504 - DEBUG - Started executable: `/root/anaconda3/envs/smartbook_wsl/lib/python3.11/site-packages/seleniumbase/drivers/chromedriver` in a child process with pid: 4477 using 0 to output -3
2024-11-20 15:42:40,593 - DEBUG - Selenium Manager binary found at: /root/anaconda3/envs/smartbook_wsl/lib/python3.11/site-packages/selenium/webdriver/common/linux/selenium-manager
2024-11-20 15:42:40,597 - DEBUG - Executing process: /root/anaconda3/envs/smartbook_wsl/lib/python3.11/site-packages/selenium/webdriver/common/linux/selenium-manager --browser chrome --debug --language-binding python --output json
2024-11-20 15:42:40,888 - DEBUG - Found chromedriver 131.0.6778.69 in PATH: /root/anaconda3/envs/smartbook_wsl/lib/python3.11/site-packages/seleniumbase/drivers/chromedriver
2024-11-20 15:42:40,888 - DEBUG - chrome not found in PATH
2024-11-20 15:42:40,888 - DEBUG - chrome not found in the system
2024-11-20 15:42:40,889 - DEBUG - Required browser: chrome 131.0.6778.85
2024-11-20 15:42:40,889 - DEBUG - chrome 131.0.6778.85 already exists
2024-11-20 15:42:40,889 - DEBUG - chrome 131.0.6778.85 is available at /root/.cache/selenium/chrome/linux64/131.0.6778.85/chrome
2024-11-20 15:42:40,889 - DEBUG - Required driver: chromedriver 131.0.6778.85
2024-11-20 15:42:40,889 - DEBUG - Driver path: /root/anaconda3/envs/smartbook_wsl/lib/python3.11/site-packages/seleniumbase/drivers/chromedriver
2024-11-20 15:42:40,889 - DEBUG - Browser path: /root/.cache/selenium/chrome/linux64/131.0.6778.85/chrome
2024-11-20 15:42:40,890 - DEBUG - Started executable: `/root/anaconda3/envs/smartbook_wsl/lib/python3.11/site-packages/seleniumbase/drivers/chromedriver` in a child process with pid: 4604 using 0 to output -3
2024-11-20 15:42:41,320 - INFO - Existing cookies found at ./saved_cookies/cookies_llu430173@gmail.com.txt
2024-11-20 15:42:41,321 - INFO - Existing cookies found at ./saved_cookies/cookies_llu430173@gmail.com.txt
2024-11-20 15:42:41,331 - WARNING -  * Debugger is active!
2024-11-20 15:42:41,331 - INFO -  * Debugger PIN: 128-437-512
2024-11-20 15:42:42,989 - DEBUG - 
def chunks(task, it, n):
    return 1

2024-11-20 15:42:42,990 - DEBUG - 
def unlock_chord(self, group_id, callback, interval=0, max_retries=1, result=2, Result=3, GroupResult=4, result_from_tuple=5, **kwargs):
    return 1

2024-11-20 15:42:42,991 - DEBUG - 
def group(self, tasks, result, group_id, partial_args, add_to_parent=0):
    return 1

2024-11-20 15:42:42,991 - DEBUG - 
def xmap(task, it):
    return 1

2024-11-20 15:42:42,991 - DEBUG - 
def backend_cleanup():
    return 1

2024-11-20 15:42:42,992 - DEBUG - 
def process_booking_request(requirements):
    return 1

2024-11-20 15:42:42,992 - DEBUG - 
def chain(*args, **kwargs):
    return 1

2024-11-20 15:42:42,992 - DEBUG - 
def xstarmap(task, it):
    return 1

2024-11-20 15:42:42,992 - DEBUG - 
def accumulate(self, *args, **kwargs):
    return 1

2024-11-20 15:42:42,992 - DEBUG - 
def chord(self, header, body, partial_args=0, interval=1, countdown=2, max_retries=3, eager=4, **kwargs):
    return 1

2024-11-20 15:42:43,035 - INFO - 127.0.0.1 - - [20/Nov/2024 15:42:43] "[35m[1mPOST /book-room HTTP/1.1[0m" 202 -
2024-11-20 15:42:43,043 - INFO - 127.0.0.1 - - [20/Nov/2024 15:42:43] "[35m[1mPOST /book-room HTTP/1.1[0m" 202 -
2024-11-20 15:42:43,048 - INFO - 127.0.0.1 - - [20/Nov/2024 15:42:43] "GET /status/ee8660f3-77b7-465a-ace4-0140b2cba289 HTTP/1.1" 200 -
2024-11-20 15:42:43,053 - INFO - 127.0.0.1 - - [20/Nov/2024 15:42:43] "GET /status/ee8660f3-77b7-465a-ace4-0140b2cba289 HTTP/1.1" 200 -
2024-11-20 15:42:43,057 - INFO - 127.0.0.1 - - [20/Nov/2024 15:42:43] "GET /status/ee8660f3-77b7-465a-ace4-0140b2cba289 HTTP/1.1" 200 -
2024-11-20 15:42:43,062 - INFO - 127.0.0.1 - - [20/Nov/2024 15:42:43] "GET /status/ee8660f3-77b7-465a-ace4-0140b2cba289 HTTP/1.1" 200 -
2024-11-20 15:42:43,068 - INFO - 127.0.0.1 - - [20/Nov/2024 15:42:43] "GET /status/ee8660f3-77b7-465a-ace4-0140b2cba289 HTTP/1.1" 200 -
2024-11-20 15:42:43,074 - INFO - 127.0.0.1 - - [20/Nov/2024 15:42:43] "GET /status/ee8660f3-77b7-465a-ace4-0140b2cba289 HTTP/1.1" 200 -
2024-11-20 15:42:43,080 - INFO - 127.0.0.1 - - [20/Nov/2024 15:42:43] "GET /status/ee8660f3-77b7-465a-ace4-0140b2cba289 HTTP/1.1" 200 -
2024-11-20 15:42:43,085 - INFO - 127.0.0.1 - - [20/Nov/2024 15:42:43] "GET /status/ee8660f3-77b7-465a-ace4-0140b2cba289 HTTP/1.1" 200 -
2024-11-20 15:42:43,091 - INFO - 127.0.0.1 - - [20/Nov/2024 15:42:43] "GET /status/ee8660f3-77b7-465a-ace4-0140b2cba289 HTTP/1.1" 200 -
2024-11-20 15:42:43,096 - INFO - 127.0.0.1 - - [20/Nov/2024 15:42:43] "GET /status/ee8660f3-77b7-465a-ace4-0140b2cba289 HTTP/1.1" 200 -
2024-11-20 15:43:05,005 - INFO -  * Detected change in '/mnt/d/Academic/healthy building/smartbook/test_1/pytest.py', reloading
2024-11-20 15:43:05,063 - INFO -  * Restarting with stat
2024-11-20 15:43:07,509 - DEBUG - Selenium Manager binary found at: /root/anaconda3/envs/smartbook_wsl/lib/python3.11/site-packages/selenium/webdriver/common/linux/selenium-manager
2024-11-20 15:43:07,509 - DEBUG - Executing process: /root/anaconda3/envs/smartbook_wsl/lib/python3.11/site-packages/selenium/webdriver/common/linux/selenium-manager --browser chrome --debug --language-binding python --output json
2024-11-20 15:43:07,815 - DEBUG - Found chromedriver 131.0.6778.69 in PATH: /root/anaconda3/envs/smartbook_wsl/lib/python3.11/site-packages/seleniumbase/drivers/chromedriver
2024-11-20 15:43:07,815 - DEBUG - chrome not found in PATH
2024-11-20 15:43:07,815 - DEBUG - chrome not found in the system
2024-11-20 15:43:07,815 - DEBUG - Required browser: chrome 131.0.6778.85
2024-11-20 15:43:07,816 - DEBUG - chrome 131.0.6778.85 already exists
2024-11-20 15:43:07,816 - DEBUG - chrome 131.0.6778.85 is available at /root/.cache/selenium/chrome/linux64/131.0.6778.85/chrome
2024-11-20 15:43:07,816 - DEBUG - Required driver: chromedriver 131.0.6778.85
2024-11-20 15:43:07,816 - DEBUG - Driver path: /root/anaconda3/envs/smartbook_wsl/lib/python3.11/site-packages/seleniumbase/drivers/chromedriver
2024-11-20 15:43:07,816 - DEBUG - Browser path: /root/.cache/selenium/chrome/linux64/131.0.6778.85/chrome
2024-11-20 15:43:07,817 - DEBUG - Started executable: `/root/anaconda3/envs/smartbook_wsl/lib/python3.11/site-packages/seleniumbase/drivers/chromedriver` in a child process with pid: 5077 using 0 to output -3
2024-11-20 15:43:09,950 - DEBUG - Selenium Manager binary found at: /root/anaconda3/envs/smartbook_wsl/lib/python3.11/site-packages/selenium/webdriver/common/linux/selenium-manager
2024-11-20 15:43:09,950 - DEBUG - Executing process: /root/anaconda3/envs/smartbook_wsl/lib/python3.11/site-packages/selenium/webdriver/common/linux/selenium-manager --browser chrome --debug --language-binding python --output json
2024-11-20 15:43:10,354 - DEBUG - Found chromedriver 131.0.6778.69 in PATH: /root/anaconda3/envs/smartbook_wsl/lib/python3.11/site-packages/seleniumbase/drivers/chromedriver
2024-11-20 15:43:10,354 - DEBUG - chrome not found in PATH
2024-11-20 15:43:10,354 - DEBUG - chrome not found in the system
2024-11-20 15:43:10,354 - DEBUG - Required browser: chrome 131.0.6778.85
2024-11-20 15:43:10,354 - DEBUG - chrome 131.0.6778.85 already exists
2024-11-20 15:43:10,354 - DEBUG - chrome 131.0.6778.85 is available at /root/.cache/selenium/chrome/linux64/131.0.6778.85/chrome
2024-11-20 15:43:10,354 - DEBUG - Required driver: chromedriver 131.0.6778.85
2024-11-20 15:43:10,355 - DEBUG - Driver path: /root/anaconda3/envs/smartbook_wsl/lib/python3.11/site-packages/seleniumbase/drivers/chromedriver
2024-11-20 15:43:10,355 - DEBUG - Browser path: /root/.cache/selenium/chrome/linux64/131.0.6778.85/chrome
2024-11-20 15:43:10,355 - DEBUG - Started executable: `/root/anaconda3/envs/smartbook_wsl/lib/python3.11/site-packages/seleniumbase/drivers/chromedriver` in a child process with pid: 5239 using 0 to output -3
2024-11-20 15:43:10,836 - INFO - Existing cookies found at ./saved_cookies/cookies_llu430173@gmail.com.txt
2024-11-20 15:43:10,838 - INFO - Existing cookies found at ./saved_cookies/cookies_llu430173@gmail.com.txt
2024-11-20 15:43:10,849 - WARNING -  * Debugger is active!
2024-11-20 15:43:10,850 - INFO -  * Debugger PIN: 128-437-512
2024-11-20 15:45:14,443 - INFO -  * Detected change in '/mnt/d/Academic/healthy building/smartbook/test_1/tasks.py', reloading
2024-11-20 15:45:14,521 - INFO -  * Restarting with stat
2024-11-20 15:45:19,021 - DEBUG - Selenium Manager binary found at: /root/anaconda3/envs/smartbook_wsl/lib/python3.11/site-packages/selenium/webdriver/common/linux/selenium-manager
2024-11-20 15:45:19,021 - DEBUG - Executing process: /root/anaconda3/envs/smartbook_wsl/lib/python3.11/site-packages/selenium/webdriver/common/linux/selenium-manager --browser chrome --debug --language-binding python --output json
2024-11-20 15:45:19,407 - DEBUG - Found chromedriver 131.0.6778.69 in PATH: /root/anaconda3/envs/smartbook_wsl/lib/python3.11/site-packages/seleniumbase/drivers/chromedriver
2024-11-20 15:45:19,408 - DEBUG - chrome not found in PATH
2024-11-20 15:45:19,408 - DEBUG - chrome not found in the system
2024-11-20 15:45:19,408 - DEBUG - Required browser: chrome 131.0.6778.85
2024-11-20 15:45:19,408 - DEBUG - chrome 131.0.6778.85 already exists
2024-11-20 15:45:19,408 - DEBUG - chrome 131.0.6778.85 is available at /root/.cache/selenium/chrome/linux64/131.0.6778.85/chrome
2024-11-20 15:45:19,408 - DEBUG - Required driver: chromedriver 131.0.6778.85
2024-11-20 15:45:19,408 - DEBUG - Driver path: /root/anaconda3/envs/smartbook_wsl/lib/python3.11/site-packages/seleniumbase/drivers/chromedriver
2024-11-20 15:45:19,409 - DEBUG - Browser path: /root/.cache/selenium/chrome/linux64/131.0.6778.85/chrome
2024-11-20 15:45:19,409 - DEBUG - Started executable: `/root/anaconda3/envs/smartbook_wsl/lib/python3.11/site-packages/seleniumbase/drivers/chromedriver` in a child process with pid: 6261 using 0 to output -3
2024-11-20 15:45:21,706 - DEBUG - Selenium Manager binary found at: /root/anaconda3/envs/smartbook_wsl/lib/python3.11/site-packages/selenium/webdriver/common/linux/selenium-manager
2024-11-20 15:45:21,707 - DEBUG - Executing process: /root/anaconda3/envs/smartbook_wsl/lib/python3.11/site-packages/selenium/webdriver/common/linux/selenium-manager --browser chrome --debug --language-binding python --output json
2024-11-20 15:45:22,027 - DEBUG - Found chromedriver 131.0.6778.69 in PATH: /root/anaconda3/envs/smartbook_wsl/lib/python3.11/site-packages/seleniumbase/drivers/chromedriver
2024-11-20 15:45:22,028 - DEBUG - chrome not found in PATH
2024-11-20 15:45:22,028 - DEBUG - chrome not found in the system
2024-11-20 15:45:22,028 - DEBUG - Required browser: chrome 131.0.6778.85
2024-11-20 15:45:22,028 - DEBUG - chrome 131.0.6778.85 already exists
2024-11-20 15:45:22,028 - DEBUG - chrome 131.0.6778.85 is available at /root/.cache/selenium/chrome/linux64/131.0.6778.85/chrome
2024-11-20 15:45:22,028 - DEBUG - Required driver: chromedriver 131.0.6778.85
2024-11-20 15:45:22,028 - DEBUG - Driver path: /root/anaconda3/envs/smartbook_wsl/lib/python3.11/site-packages/seleniumbase/drivers/chromedriver
2024-11-20 15:45:22,028 - DEBUG - Browser path: /root/.cache/selenium/chrome/linux64/131.0.6778.85/chrome
2024-11-20 15:45:22,029 - DEBUG - Started executable: `/root/anaconda3/envs/smartbook_wsl/lib/python3.11/site-packages/seleniumbase/drivers/chromedriver` in a child process with pid: 6390 using 0 to output -3
2024-11-20 15:45:22,482 - INFO - Existing cookies found at ./saved_cookies/cookies_llu430173@gmail.com.txt
2024-11-20 15:45:22,483 - INFO - Existing cookies found at ./saved_cookies/cookies_llu430173@gmail.com.txt
2024-11-20 15:45:22,492 - WARNING -  * Debugger is active!
2024-11-20 15:45:22,492 - INFO -  * Debugger PIN: 128-437-512
2024-11-20 15:48:04,807 - INFO -  * Detected change in '/mnt/d/Academic/healthy building/smartbook/test_1/tasks.py', reloading
2024-11-20 15:48:04,942 - INFO -  * Restarting with stat
2024-11-20 15:48:20,332 - DEBUG - load_ssl_context verify=True cert=None trust_env=True http2=False
2024-11-20 15:48:20,332 - DEBUG - load_verify_locations cafile='/root/anaconda3/envs/smartbook_wsl/lib/python3.11/site-packages/certifi/cacert.pem'
2024-11-20 15:48:20,355 - INFO - [31m[1mWARNING: This is a development server. Do not use it in a production deployment. Use a production WSGI server instead.[0m
 * Running on all addresses (0.0.0.0)
 * Running on http://127.0.0.1:5000
 * Running on http://172.25.141.89:5000
2024-11-20 15:48:20,355 - INFO - [33mPress CTRL+C to quit[0m
2024-11-20 15:48:20,356 - INFO -  * Restarting with stat
2024-11-20 15:48:21,121 - DEBUG - load_ssl_context verify=True cert=None trust_env=True http2=False
2024-11-20 15:48:21,122 - DEBUG - load_verify_locations cafile='/root/anaconda3/envs/smartbook_wsl/lib/python3.11/site-packages/certifi/cacert.pem'
2024-11-20 15:48:21,144 - WARNING -  * Debugger is active!
2024-11-20 15:48:21,144 - INFO -  * Debugger PIN: 128-437-512
2024-11-20 15:49:28,205 - DEBUG - 
def chunks(task, it, n):
    return 1

2024-11-20 15:49:28,206 - DEBUG - 
def process_booking_request(requirements):
    return 1

2024-11-20 15:49:28,207 - DEBUG - 
def unlock_chord(self, group_id, callback, interval=0, max_retries=1, result=2, Result=3, GroupResult=4, result_from_tuple=5, **kwargs):
    return 1

2024-11-20 15:49:28,208 - DEBUG - 
def group(self, tasks, result, group_id, partial_args, add_to_parent=0):
    return 1

2024-11-20 15:49:28,208 - DEBUG - 
def xmap(task, it):
    return 1

2024-11-20 15:49:28,208 - DEBUG - 
def backend_cleanup():
    return 1

2024-11-20 15:49:28,209 - DEBUG - 
def chain(*args, **kwargs):
    return 1

2024-11-20 15:49:28,209 - DEBUG - 
def xstarmap(task, it):
    return 1

2024-11-20 15:49:28,209 - DEBUG - 
def accumulate(self, *args, **kwargs):
    return 1

2024-11-20 15:49:28,210 - DEBUG - 
def chord(self, header, body, partial_args=0, interval=1, countdown=2, max_retries=3, eager=4, **kwargs):
    return 1

2024-11-20 15:49:28,245 - INFO - 127.0.0.1 - - [20/Nov/2024 15:49:28] "[35m[1mPOST /book-room HTTP/1.1[0m" 202 -
2024-11-20 15:49:28,252 - INFO - 127.0.0.1 - - [20/Nov/2024 15:49:28] "[35m[1mPOST /book-room HTTP/1.1[0m" 202 -
2024-11-20 15:49:28,257 - INFO - 127.0.0.1 - - [20/Nov/2024 15:49:28] "GET /status/f394c4ca-b8ea-4bcd-a431-20b0f59b19f1 HTTP/1.1" 200 -
2024-11-20 15:49:30,264 - INFO - 127.0.0.1 - - [20/Nov/2024 15:49:30] "GET /status/f394c4ca-b8ea-4bcd-a431-20b0f59b19f1 HTTP/1.1" 200 -
2024-11-20 15:49:32,278 - INFO - 127.0.0.1 - - [20/Nov/2024 15:49:32] "GET /status/f394c4ca-b8ea-4bcd-a431-20b0f59b19f1 HTTP/1.1" 200 -
2024-11-20 15:49:34,286 - INFO - 127.0.0.1 - - [20/Nov/2024 15:49:34] "GET /status/f394c4ca-b8ea-4bcd-a431-20b0f59b19f1 HTTP/1.1" 200 -
2024-11-20 15:49:36,293 - INFO - 127.0.0.1 - - [20/Nov/2024 15:49:36] "GET /status/f394c4ca-b8ea-4bcd-a431-20b0f59b19f1 HTTP/1.1" 200 -
2024-11-20 15:49:38,299 - INFO - 127.0.0.1 - - [20/Nov/2024 15:49:38] "GET /status/f394c4ca-b8ea-4bcd-a431-20b0f59b19f1 HTTP/1.1" 200 -
2024-11-20 15:49:40,305 - INFO - 127.0.0.1 - - [20/Nov/2024 15:49:40] "GET /status/f394c4ca-b8ea-4bcd-a431-20b0f59b19f1 HTTP/1.1" 200 -
2024-11-20 15:49:42,312 - INFO - 127.0.0.1 - - [20/Nov/2024 15:49:42] "GET /status/f394c4ca-b8ea-4bcd-a431-20b0f59b19f1 HTTP/1.1" 200 -
2024-11-20 15:49:44,320 - INFO - 127.0.0.1 - - [20/Nov/2024 15:49:44] "GET /status/f394c4ca-b8ea-4bcd-a431-20b0f59b19f1 HTTP/1.1" 200 -
2024-11-20 15:49:46,329 - INFO - 127.0.0.1 - - [20/Nov/2024 15:49:46] "GET /status/f394c4ca-b8ea-4bcd-a431-20b0f59b19f1 HTTP/1.1" 200 -
2024-11-20 15:50:15,280 - DEBUG - load_ssl_context verify=True cert=None trust_env=True http2=False
2024-11-20 15:50:15,281 - DEBUG - load_verify_locations cafile='/root/anaconda3/envs/smartbook_wsl/lib/python3.11/site-packages/certifi/cacert.pem'
2024-11-20 15:50:15,300 - DEBUG - 
def chord(self, header, body, partial_args=0, interval=1, countdown=2, max_retries=3, eager=4, **kwargs):
    return 1

2024-11-20 15:50:15,300 - DEBUG - 
def process_booking_request(requirements):
    return 1

2024-11-20 15:50:15,301 - DEBUG - 
def chunks(task, it, n):
    return 1

2024-11-20 15:50:15,301 - DEBUG - 
def unlock_chord(self, group_id, callback, interval=0, max_retries=1, result=2, Result=3, GroupResult=4, result_from_tuple=5, **kwargs):
    return 1

2024-11-20 15:50:15,302 - DEBUG - 
def group(self, tasks, result, group_id, partial_args, add_to_parent=0):
    return 1

2024-11-20 15:50:15,302 - DEBUG - 
def xmap(task, it):
    return 1

2024-11-20 15:50:15,302 - DEBUG - 
def backend_cleanup():
    return 1

2024-11-20 15:50:15,303 - DEBUG - 
def chain(*args, **kwargs):
    return 1

2024-11-20 15:50:15,303 - DEBUG - 
def xstarmap(task, it):
    return 1

2024-11-20 15:50:15,304 - DEBUG - 
def accumulate(self, *args, **kwargs):
    return 1

2024-11-20 15:50:23,176 - DEBUG - load_ssl_context verify=True cert=None trust_env=True http2=False
2024-11-20 15:50:23,177 - DEBUG - load_verify_locations cafile='/root/anaconda3/envs/smartbook_wsl/lib/python3.11/site-packages/certifi/cacert.pem'
2024-11-20 15:50:23,199 - INFO - [31m[1mWARNING: This is a development server. Do not use it in a production deployment. Use a production WSGI server instead.[0m
 * Running on all addresses (0.0.0.0)
 * Running on http://127.0.0.1:5000
 * Running on http://172.25.141.89:5000
2024-11-20 15:50:23,199 - INFO - [33mPress CTRL+C to quit[0m
2024-11-20 15:50:23,200 - INFO -  * Restarting with stat
2024-11-20 15:50:23,927 - DEBUG - load_ssl_context verify=True cert=None trust_env=True http2=False
2024-11-20 15:50:23,927 - DEBUG - load_verify_locations cafile='/root/anaconda3/envs/smartbook_wsl/lib/python3.11/site-packages/certifi/cacert.pem'
2024-11-20 15:50:23,947 - WARNING -  * Debugger is active!
2024-11-20 15:50:23,947 - INFO -  * Debugger PIN: 128-437-512
2024-11-20 15:50:31,696 - DEBUG - 
def chunks(task, it, n):
    return 1

2024-11-20 15:50:31,697 - DEBUG - 
def process_booking_request(requirements):
    return 1

2024-11-20 15:50:31,698 - DEBUG - 
def unlock_chord(self, group_id, callback, interval=0, max_retries=1, result=2, Result=3, GroupResult=4, result_from_tuple=5, **kwargs):
    return 1

2024-11-20 15:50:31,698 - DEBUG - 
def group(self, tasks, result, group_id, partial_args, add_to_parent=0):
    return 1

2024-11-20 15:50:31,699 - DEBUG - 
def xmap(task, it):
    return 1

2024-11-20 15:50:31,699 - DEBUG - 
def backend_cleanup():
    return 1

2024-11-20 15:50:31,699 - DEBUG - 
def chain(*args, **kwargs):
    return 1

2024-11-20 15:50:31,699 - DEBUG - 
def xstarmap(task, it):
    return 1

2024-11-20 15:50:31,699 - DEBUG - 
def accumulate(self, *args, **kwargs):
    return 1

2024-11-20 15:50:31,700 - DEBUG - 
def chord(self, header, body, partial_args=0, interval=1, countdown=2, max_retries=3, eager=4, **kwargs):
    return 1

2024-11-20 15:50:31,734 - INFO - 127.0.0.1 - - [20/Nov/2024 15:50:31] "[35m[1mPOST /book-room HTTP/1.1[0m" 202 -
2024-11-20 15:50:31,742 - INFO - 127.0.0.1 - - [20/Nov/2024 15:50:31] "[35m[1mPOST /book-room HTTP/1.1[0m" 202 -
2024-11-20 15:50:31,747 - INFO - 127.0.0.1 - - [20/Nov/2024 15:50:31] "GET /status/e9cb13ee-81ff-436d-bd96-4f846ae3af7f HTTP/1.1" 200 -
2024-11-20 15:50:33,757 - INFO - 127.0.0.1 - - [20/Nov/2024 15:50:33] "GET /status/e9cb13ee-81ff-436d-bd96-4f846ae3af7f HTTP/1.1" 200 -
2024-11-20 15:50:35,767 - INFO - 127.0.0.1 - - [20/Nov/2024 15:50:35] "GET /status/e9cb13ee-81ff-436d-bd96-4f846ae3af7f HTTP/1.1" 200 -
2024-11-20 15:50:37,776 - INFO - 127.0.0.1 - - [20/Nov/2024 15:50:37] "GET /status/e9cb13ee-81ff-436d-bd96-4f846ae3af7f HTTP/1.1" 200 -
2024-11-20 15:50:39,784 - INFO - 127.0.0.1 - - [20/Nov/2024 15:50:39] "GET /status/e9cb13ee-81ff-436d-bd96-4f846ae3af7f HTTP/1.1" 200 -
2024-11-20 15:50:41,791 - INFO - 127.0.0.1 - - [20/Nov/2024 15:50:41] "GET /status/e9cb13ee-81ff-436d-bd96-4f846ae3af7f HTTP/1.1" 200 -
2024-11-20 15:50:43,798 - INFO - 127.0.0.1 - - [20/Nov/2024 15:50:43] "GET /status/e9cb13ee-81ff-436d-bd96-4f846ae3af7f HTTP/1.1" 200 -
2024-11-20 15:50:45,806 - INFO - 127.0.0.1 - - [20/Nov/2024 15:50:45] "GET /status/e9cb13ee-81ff-436d-bd96-4f846ae3af7f HTTP/1.1" 200 -
2024-11-20 15:50:47,814 - INFO - 127.0.0.1 - - [20/Nov/2024 15:50:47] "GET /status/e9cb13ee-81ff-436d-bd96-4f846ae3af7f HTTP/1.1" 200 -
2024-11-20 15:50:49,820 - INFO - 127.0.0.1 - - [20/Nov/2024 15:50:49] "GET /status/e9cb13ee-81ff-436d-bd96-4f846ae3af7f HTTP/1.1" 200 -
2024-11-20 15:59:00,513 - DEBUG - load_ssl_context verify=True cert=None trust_env=True http2=False
2024-11-20 15:59:00,514 - DEBUG - load_verify_locations cafile='D:\\Programs\\Conda\\envs\\smartbook\\Library\\ssl\\cacert.pem'
2024-11-20 15:59:01,061 - DEBUG - Request options: {'method': 'post', 'url': '/chat/completions', 'files': None, 'json_data': {'messages': [{'role': 'system', 'content': 'You are a smart room booking assistant. Your task is to analyze real-time sensor data from multiple rooms and rank the rooms based on the user\'s specific requirements. Your goal is to recommend the best room options based on factors such as temperature, CO2 level, noise level, illumination, and occupancy status.\n\nYou have access to real-time data from various room sensors, including:\n- Temperature (Â°C)\n- CO2 level (ppm)\n- Illumination (lux)\n\nThe user will provide a request specifying the desired room characteristics or activities, such as "I\'d like a quiet room for studying" or "I need a well-lit room for a meeting." Your task is to rank the available rooms based on the provided data and user requirements.\n\n# Data format example\nRoom Data:\n{"211 Olsson": {"Temperature_Â°C": 21.17, "co2_ppm": 546.9, "Illumination_lx": 281.19},\n"217 Olsson": {"Temperature_Â°C": 21.24, "co2_ppm": 489.34, "Illumination_lx": 775.28},\n"225 Olsson": {"Temperature_Â°C": 20.77, "co2_ppm": 532.41, "Illumination_lx": 643.27},\n"251 Olsson": {"Temperature_Â°C": null, "co2_ppm": null, "Illumination_lx": null},\n"204 Olsson": {"Temperature_Â°C": 20.48, "co2_ppm": null, "Illumination_lx": null}}\n'}, {'role': 'user', 'content': '\n# Room Data\nCurrent Time: 15:59:01\n{"211 Olsson": {"Temperature_Â°C": 21.59, "co2_ppm": 945.96, "Illumination_lx": 261.43, "Humidity_%": 55.47, "occupancy_count": null, "spl_A": null, "voc_ppb": 227.15, "pm2.5_Î¼g/m3": 1.38, "pm10.0_Î¼g/m3": null, "motion_last_minute": null},\n"217 Olsson": {"Temperature_Â°C": 23.37, "co2_ppm": 559.61, "Illumination_lx": 325.72, "Humidity_%": 48.55, "occupancy_count": null, "spl_A": null, "voc_ppb": 275.32, "pm2.5_Î¼g/m3": 1.1, "pm10.0_Î¼g/m3": null, "motion_last_minute": null},\n"225 Olsson": {"Temperature_Â°C": 20.34, "co2_ppm": 508.89, "Illumination_lx": 81.34, "Humidity_%": 57.71, "occupancy_count": null, "spl_A": null, "voc_ppb": 138.68, "pm2.5_Î¼g/m3": 1.63, "pm10.0_Î¼g/m3": null, "motion_last_minute": null},\n"251 Olsson": {"Temperature_Â°C": 20.12, "co2_ppm": null, "Illumination_lx": 52.0, "Humidity_%": 0.0, "occupancy_count": null, "spl_A": null, "voc_ppb": null, "pm2.5_Î¼g/m3": null, "pm10.0_Î¼g/m3": null, "motion_last_minute": null},\n"204 Olsson": {"Temperature_Â°C": 21.0, "co2_ppm": null, "Illumination_lx": null, "Humidity_%": 51.1, "occupancy_count": null, "spl_A": null, "voc_ppb": null, "pm2.5_Î¼g/m3": null, "pm10.0_Î¼g/m3": null, "motion_last_minute": null}}\n\n\n# Output\nProvide a ranked list of rooms in JSON format as specified, including room name, rank, score, and reasons for ranking.\n\n# Instructions\n\n1. Analyze the room sensor data provided in the input.\n2. Understand the user\'s requirements and preferences based on the request.\n3. Evaluate each room\'s suitability by considering factors like temperature, CO2 levels, noise level, illumination, and etc. Use real-world context to interpret the sensor values effectively:\n\n   - **Temperature (Â°C)**:\n     - Optimal comfort for most activities is between **20â€“24Â°C**.\n     - Below **18Â°C** may feel too cold for comfort, while above **26Â°C** may be too warm.\n   \n   - **CO2 Level (ppm)**:\n     - Levels below **600 ppm** are ideal for maintaining focus and preventing drowsiness.\n     - Levels between **600â€“800 ppm** are acceptable for short durations but may reduce alertness.\n     - Above **1000 ppm** may cause discomfort and reduced cognitive performance.\n\n   - **Illumination (lux)**:\n     - For tasks requiring focus (e.g., studying, meetings), **300â€“500 lux** is appropriate.\n     - For relaxation, moderate levels around **100â€“300 lux** can be sufficient.\n     - Very low illumination (below **100 lux**) is suited for resting or sleeping but not for active tasks.\n\n   - **Noise Level (dB)**:\n     - Quiet rooms (below **35 dB**) are ideal for studying or sleeping.\n     - Moderate noise (between **35â€“50 dB**) is acceptable for discussions and casual meetings.\n     - High noise levels (above **50 dB**) can be disruptive, especially for focused activities.\n\n\n4. Use the real-world context above to assess the suitability of each room based on the user\'s activity. Rank rooms from most to least suitable.\n\n# User Request\nI really need a quite and safe place for study\n\n# Example\njson\n```\n{ "ranked_rooms": [ { "room_name": "Room 2", "rank": 1, "score": 95, "reasons": "Low noise level, optimal temperature, low CO2 level, no occupancy" }, { "room_name": "Room 1", "rank": 2, "score": 85, "reasons": "Moderate noise level, slightly higher CO2 level, moderate illumination" }, { "room_name": "Room 3", "rank": 3, "score": 75, "reasons": "Higher CO2 level, higher noise level despite good illumination" } ] }\n```\n\n'}], 'model': 'deepseek-chat', 'stream': False}}
2024-11-20 15:59:01,061 - DEBUG - Sending HTTP Request: POST https://api.deepseek.com/chat/completions
2024-11-20 15:59:01,061 - DEBUG - connect_tcp.started host='api.deepseek.com' port=443 local_address=None timeout=5.0 socket_options=None
2024-11-20 15:59:01,187 - DEBUG - connect_tcp.complete return_value=<httpcore._backends.sync.SyncStream object at 0x0000027039CBF650>
2024-11-20 15:59:01,187 - DEBUG - start_tls.started ssl_context=<ssl.SSLContext object at 0x0000027036DFA840> server_hostname='api.deepseek.com' timeout=5.0
2024-11-20 15:59:01,287 - DEBUG - start_tls.complete return_value=<httpcore._backends.sync.SyncStream object at 0x0000027039ABC710>
2024-11-20 15:59:01,287 - DEBUG - send_request_headers.started request=<Request [b'POST']>
2024-11-20 15:59:01,289 - DEBUG - send_request_headers.complete
2024-11-20 15:59:01,289 - DEBUG - send_request_body.started request=<Request [b'POST']>
2024-11-20 15:59:01,289 - DEBUG - send_request_body.complete
2024-11-20 15:59:01,289 - DEBUG - receive_response_headers.started request=<Request [b'POST']>
2024-11-20 15:59:01,892 - DEBUG - receive_response_headers.complete return_value=(b'HTTP/1.1', 200, b'OK', [(b'Server', b'nginx/1.18.0 (Ubuntu)'), (b'Date', b'Wed, 20 Nov 2024 20:59:01 GMT'), (b'Content-Type', b'application/json'), (b'Transfer-Encoding', b'chunked'), (b'Connection', b'keep-alive'), (b'Set-Cookie', b'HWWAFSESTIME=1732136338031; path=/'), (b'Set-Cookie', b'HWWAFSESID=5697126863219f770dc; path=/'), (b'x-ratelimit-limit', b'200'), (b'x-ratelimit-remaining', b'199'), (b'x-ds-request-id', b'be2f48fb-e5cf-42f3-b941-2dfab0da5255'), (b'vary', b'origin, access-control-request-method, access-control-request-headers'), (b'access-control-allow-credentials', b'true'), (b'x-ds-trace-id', b'4390f7cde45defd746f0b1c253889842')])
2024-11-20 15:59:01,893 - INFO - HTTP Request: POST https://api.deepseek.com/chat/completions "HTTP/1.1 200 OK"
2024-11-20 15:59:01,893 - DEBUG - receive_response_body.started request=<Request [b'POST']>
2024-11-20 15:59:18,863 - DEBUG - receive_response_body.complete
2024-11-20 15:59:18,863 - DEBUG - response_closed.started
2024-11-20 15:59:18,863 - DEBUG - response_closed.complete
2024-11-20 15:59:18,863 - DEBUG - HTTP Response: POST https://api.deepseek.com/chat/completions "200 OK" Headers([('server', 'nginx/1.18.0 (Ubuntu)'), ('date', 'Wed, 20 Nov 2024 20:59:01 GMT'), ('content-type', 'application/json'), ('transfer-encoding', 'chunked'), ('connection', 'keep-alive'), ('set-cookie', 'HWWAFSESTIME=1732136338031; path=/'), ('set-cookie', 'HWWAFSESID=5697126863219f770dc; path=/'), ('x-ratelimit-limit', '200'), ('x-ratelimit-remaining', '199'), ('x-ds-request-id', 'be2f48fb-e5cf-42f3-b941-2dfab0da5255'), ('vary', 'origin, access-control-request-method, access-control-request-headers'), ('access-control-allow-credentials', 'true'), ('x-ds-trace-id', '4390f7cde45defd746f0b1c253889842')])
2024-11-20 15:59:18,863 - DEBUG - request_id: None
2024-11-20 16:07:44,855 - DEBUG - Skipping Selenium Manager; path to chrome driver specified in Service class: D:\Programs\Conda\envs\smartbook\Lib\site-packages\seleniumbase\drivers/chromedriver.exe
2024-11-20 16:07:44,858 - DEBUG - Started executable: `D:\Programs\Conda\envs\smartbook\Lib\site-packages\seleniumbase\drivers/chromedriver.exe` in a child process with pid: 24520 using 0 to output -3
2024-11-20 16:07:49,701 - DEBUG - Skipping Selenium Manager; path to chrome driver specified in Service class: D:\Programs\Conda\envs\smartbook\Lib\site-packages\seleniumbase\drivers/chromedriver.exe
2024-11-20 16:07:49,704 - DEBUG - Started executable: `D:\Programs\Conda\envs\smartbook\Lib\site-packages\seleniumbase\drivers/chromedriver.exe` in a child process with pid: 13888 using 0 to output -3
2024-11-20 16:07:51,145 - INFO - Existing cookies found at ./saved_cookies/cookies_llu430173@gmail.com.txt
2024-11-20 16:07:51,149 - INFO - Existing cookies found at ./saved_cookies/cookies_llu430173@gmail.com.txt
2024-11-20 16:07:57,139 - DEBUG - Skipping Selenium Manager; path to chrome driver specified in Service class: D:\Programs\Conda\envs\smartbook\Lib\site-packages\seleniumbase\drivers/chromedriver.exe
2024-11-20 16:07:57,142 - DEBUG - Started executable: `D:\Programs\Conda\envs\smartbook\Lib\site-packages\seleniumbase\drivers/chromedriver.exe` in a child process with pid: 7736 using 0 to output -3
2024-11-20 16:08:00,927 - DEBUG - Skipping Selenium Manager; path to chrome driver specified in Service class: D:\Programs\Conda\envs\smartbook\Lib\site-packages\seleniumbase\drivers/chromedriver.exe
2024-11-20 16:08:00,931 - DEBUG - Started executable: `D:\Programs\Conda\envs\smartbook\Lib\site-packages\seleniumbase\drivers/chromedriver.exe` in a child process with pid: 23476 using 0 to output -3
2024-11-20 16:08:02,346 - INFO - Existing cookies found at ./saved_cookies/cookies_llu430173@gmail.com.txt
2024-11-20 16:08:02,348 - INFO - Existing cookies found at ./saved_cookies/cookies_llu430173@gmail.com.txt
2024-11-20 16:09:29,989 - DEBUG - Skipping Selenium Manager; path to chrome driver specified in Service class: D:\Programs\Conda\envs\smartbook\Lib\site-packages\seleniumbase\drivers/chromedriver.exe
2024-11-20 16:09:29,991 - DEBUG - Started executable: `D:\Programs\Conda\envs\smartbook\Lib\site-packages\seleniumbase\drivers/chromedriver.exe` in a child process with pid: 7572 using 0 to output -3
2024-11-20 16:09:33,896 - DEBUG - Skipping Selenium Manager; path to chrome driver specified in Service class: D:\Programs\Conda\envs\smartbook\Lib\site-packages\seleniumbase\drivers/chromedriver.exe
2024-11-20 16:09:33,898 - DEBUG - Started executable: `D:\Programs\Conda\envs\smartbook\Lib\site-packages\seleniumbase\drivers/chromedriver.exe` in a child process with pid: 5696 using 0 to output -3
2024-11-20 16:09:35,338 - INFO - Existing cookies found at ./saved_cookies/cookies_llu430173@gmail.com.txt
2024-11-20 16:09:35,340 - INFO - Existing cookies found at ./saved_cookies/cookies_llu430173@gmail.com.txt
2024-11-20 16:10:31,058 - DEBUG - Skipping Selenium Manager; path to chrome driver specified in Service class: D:\Programs\Conda\envs\smartbook\Lib\site-packages\seleniumbase\drivers/chromedriver.exe
2024-11-20 16:10:31,060 - DEBUG - Started executable: `D:\Programs\Conda\envs\smartbook\Lib\site-packages\seleniumbase\drivers/chromedriver.exe` in a child process with pid: 17052 using 0 to output -3
2024-11-20 16:10:34,962 - DEBUG - Skipping Selenium Manager; path to chrome driver specified in Service class: D:\Programs\Conda\envs\smartbook\Lib\site-packages\seleniumbase\drivers/chromedriver.exe
2024-11-20 16:10:34,965 - DEBUG - Started executable: `D:\Programs\Conda\envs\smartbook\Lib\site-packages\seleniumbase\drivers/chromedriver.exe` in a child process with pid: 14532 using 0 to output -3
2024-11-20 16:10:36,008 - INFO - Existing cookies found at ./saved_cookies/cookies_llu430173@gmail.com.txt
2024-11-20 16:10:36,010 - INFO - Existing cookies found at ./saved_cookies/cookies_llu430173@gmail.com.txt
2024-11-22 21:37:29,479 - DEBUG - Skipping Selenium Manager; path to chrome driver specified in Service class: D:\Programs\Conda\envs\smartbook\Lib\site-packages\seleniumbase\drivers/chromedriver.exe
2024-11-22 21:37:29,483 - DEBUG - Started executable: `D:\Programs\Conda\envs\smartbook\Lib\site-packages\seleniumbase\drivers/chromedriver.exe` in a child process with pid: 17804 using 0 to output -3
2024-11-22 21:37:34,598 - DEBUG - Skipping Selenium Manager; path to chrome driver specified in Service class: D:\Programs\Conda\envs\smartbook\Lib\site-packages\seleniumbase\drivers/chromedriver.exe
2024-11-22 21:37:34,601 - DEBUG - Started executable: `D:\Programs\Conda\envs\smartbook\Lib\site-packages\seleniumbase\drivers/chromedriver.exe` in a child process with pid: 26084 using 0 to output -3
2024-11-22 21:37:36,304 - INFO - Existing cookies found at ./saved_cookies/cookies_llu430173@gmail.com.txt
2024-11-22 21:37:36,306 - INFO - Existing cookies found at ./saved_cookies/cookies_llu430173@gmail.com.txt
2024-11-22 21:46:26,768 - DEBUG - load_ssl_context verify=True cert=None trust_env=True http2=False
2024-11-22 21:46:26,769 - DEBUG - load_verify_locations cafile='D:\\Programs\\Conda\\envs\\smartbook\\Library\\ssl\\cacert.pem'
2024-11-22 21:46:27,699 - DEBUG - Request options: {'method': 'post', 'url': '/chat/completions', 'files': None, 'json_data': {'messages': [{'role': 'system', 'content': 'You are a smart room booking assistant. Your task is to analyze real-time sensor data from multiple rooms and rank the rooms based on the user\'s specific requirements. Your goal is to recommend the best room options based on factors such as temperature, CO2 level, noise level, illumination, and occupancy status.\n\nYou have access to real-time data from various room sensors, including:\n- Temperature (Â°C)\n- CO2 level (ppm)\n- Illumination (lux)\n\nThe user will provide a request specifying the desired room characteristics or activities, such as "I\'d like a quiet room for studying" or "I need a well-lit room for a meeting." Your task is to rank the available rooms based on the provided data and user requirements.\n\n# Data format example\nRoom Data:\n{"211 Olsson": {"Temperature_Â°C": 21.17, "co2_ppm": 546.9, "Illumination_lx": 281.19},\n"217 Olsson": {"Temperature_Â°C": 21.24, "co2_ppm": 489.34, "Illumination_lx": 775.28},\n"225 Olsson": {"Temperature_Â°C": 20.77, "co2_ppm": 532.41, "Illumination_lx": 643.27},\n"251 Olsson": {"Temperature_Â°C": null, "co2_ppm": null, "Illumination_lx": null},\n"204 Olsson": {"Temperature_Â°C": 20.48, "co2_ppm": null, "Illumination_lx": null}}\n'}, {'role': 'user', 'content': '\n# Room Data\nCurrent Time: 21:46:27\n{"211 Olsson": {"Temperature_Â°C": 20.59, "co2_ppm": 535.37, "Illumination_lx": 0.0, "Humidity_%": 26.44, "occupancy_count": null, "spl_A": null, "voc_ppb": 232.18, "pm2.5_Î¼g/m3": 0.23, "pm10.0_Î¼g/m3": null, "motion_last_minute": null},\n"217 Olsson": {"Temperature_Â°C": 20.77, "co2_ppm": 495.72, "Illumination_lx": 31.6, "Humidity_%": 25.45, "occupancy_count": null, "spl_A": null, "voc_ppb": 221.96, "pm2.5_Î¼g/m3": 0.15, "pm10.0_Î¼g/m3": null, "motion_last_minute": null},\n"225 Olsson": {"Temperature_Â°C": 19.66, "co2_ppm": 478.41, "Illumination_lx": 0.0, "Humidity_%": 27.82, "occupancy_count": null, "spl_A": null, "voc_ppb": 203.77, "pm2.5_Î¼g/m3": 0.14, "pm10.0_Î¼g/m3": null, "motion_last_minute": null},\n"251 Olsson": {"Temperature_Â°C": 18.83, "co2_ppm": null, "Illumination_lx": 0.0, "Humidity_%": 0.0, "occupancy_count": null, "spl_A": null, "voc_ppb": null, "pm2.5_Î¼g/m3": null, "pm10.0_Î¼g/m3": null, "motion_last_minute": null},\n"204 Olsson": {"Temperature_Â°C": null, "co2_ppm": null, "Illumination_lx": null, "Humidity_%": null, "occupancy_count": null, "spl_A": null, "voc_ppb": null, "pm2.5_Î¼g/m3": null, "pm10.0_Î¼g/m3": null, "motion_last_minute": null}}\n\n\n# Output\nProvide a ranked list of rooms in JSON format as specified, including room name, rank, score, and reasons for ranking.\n\n# Instructions\n\n1. Analyze the room sensor data provided in the input.\n2. Understand the user\'s requirements and preferences based on the request.\n3. Evaluate each room\'s suitability by considering factors like temperature, CO2 levels, noise level, illumination, and etc. Use real-world context to interpret the sensor values effectively:\n\n   - **Temperature (Â°C)**:\n     - Optimal comfort for most activities is between **20â€“24Â°C**.\n     - Below **18Â°C** may feel too cold for comfort, while above **26Â°C** may be too warm.\n   \n   - **CO2 Level (ppm)**:\n     - Levels below **600 ppm** are ideal for maintaining focus and preventing drowsiness.\n     - Levels between **600â€“800 ppm** are acceptable for short durations but may reduce alertness.\n     - Above **1000 ppm** may cause discomfort and reduced cognitive performance.\n\n   - **Illumination (lux)**:\n     - For tasks requiring focus (e.g., studying, meetings), **300â€“500 lux** is appropriate.\n     - For relaxation, moderate levels around **100â€“300 lux** can be sufficient.\n     - Very low illumination (below **100 lux**) is suited for resting or sleeping but not for active tasks.\n\n   - **Noise Level (dB)**:\n     - Quiet rooms (below **35 dB**) are ideal for studying or sleeping.\n     - Moderate noise (between **35â€“50 dB**) is acceptable for discussions and casual meetings.\n     - High noise levels (above **50 dB**) can be disruptive, especially for focused activities.\n\n\n4. Use the real-world context above to assess the suitability of each room based on the user\'s activity. Rank rooms from most to least suitable.\n\n# User Request\nI really need a quite and safe place for study\n\n# Example\njson\n```\n{ "ranked_rooms": [ { "room_name": "Room 2", "rank": 1, "score": 95, "reasons": "Low noise level, optimal temperature, low CO2 level, no occupancy" }, { "room_name": "Room 1", "rank": 2, "score": 85, "reasons": "Moderate noise level, slightly higher CO2 level, moderate illumination" }, { "room_name": "Room 3", "rank": 3, "score": 75, "reasons": "Higher CO2 level, higher noise level despite good illumination" } ] }\n```\n\n'}], 'model': 'deepseek-chat', 'stream': False}}
2024-11-22 21:46:27,700 - DEBUG - Sending HTTP Request: POST https://api.deepseek.com/chat/completions
2024-11-22 21:46:27,700 - DEBUG - connect_tcp.started host='api.deepseek.com' port=443 local_address=None timeout=5.0 socket_options=None
2024-11-22 21:46:28,105 - DEBUG - connect_tcp.complete return_value=<httpcore._backends.sync.SyncStream object at 0x000001EEA663D250>
2024-11-22 21:46:28,105 - DEBUG - start_tls.started ssl_context=<ssl.SSLContext object at 0x000001EEA378A720> server_hostname='api.deepseek.com' timeout=5.0
2024-11-22 21:46:28,183 - DEBUG - start_tls.complete return_value=<httpcore._backends.sync.SyncStream object at 0x000001EEA662FD10>
2024-11-22 21:46:28,183 - DEBUG - send_request_headers.started request=<Request [b'POST']>
2024-11-22 21:46:28,184 - DEBUG - send_request_headers.complete
2024-11-22 21:46:28,184 - DEBUG - send_request_body.started request=<Request [b'POST']>
2024-11-22 21:46:28,184 - DEBUG - send_request_body.complete
2024-11-22 21:46:28,184 - DEBUG - receive_response_headers.started request=<Request [b'POST']>
2024-11-22 21:46:28,730 - DEBUG - receive_response_headers.complete return_value=(b'HTTP/1.1', 401, b'Unauthorized', [(b'Server', b'nginx/1.18.0 (Ubuntu)'), (b'Date', b'Sat, 23 Nov 2024 02:46:28 GMT'), (b'Content-Type', b'application/json'), (b'Content-Length', b'133'), (b'Connection', b'keep-alive'), (b'Set-Cookie', b'HWWAFSESTIME=1732329984886; path=/'), (b'Set-Cookie', b'HWWAFSESID=601a6439de80ecaef44; path=/'), (b'x-ratelimit-limit', b'200'), (b'x-ratelimit-remaining', b'199'), (b'x-ds-request-id', b'f30022ac-89d6-43a8-9b43-6a573e1a1587'), (b'vary', b'origin, access-control-request-method, access-control-request-headers'), (b'access-control-allow-credentials', b'true'), (b'x-ds-trace-id', b'e5e204a545f7fbc8000e07a7c94dc1ad')])
2024-11-22 21:46:28,731 - INFO - HTTP Request: POST https://api.deepseek.com/chat/completions "HTTP/1.1 401 Unauthorized"
2024-11-22 21:46:28,731 - DEBUG - receive_response_body.started request=<Request [b'POST']>
2024-11-22 21:46:28,731 - DEBUG - receive_response_body.complete
2024-11-22 21:46:28,731 - DEBUG - response_closed.started
2024-11-22 21:46:28,731 - DEBUG - response_closed.complete
2024-11-22 21:46:28,731 - DEBUG - HTTP Response: POST https://api.deepseek.com/chat/completions "401 Unauthorized" Headers([('server', 'nginx/1.18.0 (Ubuntu)'), ('date', 'Sat, 23 Nov 2024 02:46:28 GMT'), ('content-type', 'application/json'), ('content-length', '133'), ('connection', 'keep-alive'), ('set-cookie', 'HWWAFSESTIME=1732329984886; path=/'), ('set-cookie', 'HWWAFSESID=601a6439de80ecaef44; path=/'), ('x-ratelimit-limit', '200'), ('x-ratelimit-remaining', '199'), ('x-ds-request-id', 'f30022ac-89d6-43a8-9b43-6a573e1a1587'), ('vary', 'origin, access-control-request-method, access-control-request-headers'), ('access-control-allow-credentials', 'true'), ('x-ds-trace-id', 'e5e204a545f7fbc8000e07a7c94dc1ad')])
2024-11-22 21:46:28,731 - DEBUG - request_id: None
2024-11-22 21:46:28,731 - DEBUG - Encountered httpx.HTTPStatusError
Traceback (most recent call last):
  File "d:\Programs\Conda\envs\smartbook\Lib\site-packages\openai\_base_client.py", line 1038, in _request
    response.raise_for_status()
  File "d:\Programs\Conda\envs\smartbook\Lib\site-packages\httpx\_models.py", line 763, in raise_for_status
    raise HTTPStatusError(message, request=request, response=self)
httpx.HTTPStatusError: Client error '401 Unauthorized' for url 'https://api.deepseek.com/chat/completions'
For more information check: https://developer.mozilla.org/en-US/docs/Web/HTTP/Status/401
2024-11-22 21:46:28,752 - DEBUG - Not retrying
2024-11-22 21:46:28,752 - DEBUG - Re-raising status error
2024-11-22 21:49:51,107 - DEBUG - load_ssl_context verify=True cert=None trust_env=True http2=False
2024-11-22 21:49:51,108 - DEBUG - load_verify_locations cafile='D:\\Programs\\Conda\\envs\\smartbook\\Library\\ssl\\cacert.pem'
2024-11-22 21:49:51,950 - DEBUG - Request options: {'method': 'post', 'url': '/chat/completions', 'files': None, 'json_data': {'messages': [{'role': 'system', 'content': 'You are a smart room booking assistant. Your task is to analyze real-time sensor data from multiple rooms and rank the rooms based on the user\'s specific requirements. Your goal is to recommend the best room options based on factors such as temperature, CO2 level, noise level, illumination, and occupancy status.\n\nYou have access to real-time data from various room sensors, including:\n- Temperature (Â°C)\n- CO2 level (ppm)\n- Illumination (lux)\n\nThe user will provide a request specifying the desired room characteristics or activities, such as "I\'d like a quiet room for studying" or "I need a well-lit room for a meeting." Your task is to rank the available rooms based on the provided data and user requirements.\n\n# Data format example\nRoom Data:\n{"211 Olsson": {"Temperature_Â°C": 21.17, "co2_ppm": 546.9, "Illumination_lx": 281.19},\n"217 Olsson": {"Temperature_Â°C": 21.24, "co2_ppm": 489.34, "Illumination_lx": 775.28},\n"225 Olsson": {"Temperature_Â°C": 20.77, "co2_ppm": 532.41, "Illumination_lx": 643.27},\n"251 Olsson": {"Temperature_Â°C": null, "co2_ppm": null, "Illumination_lx": null},\n"204 Olsson": {"Temperature_Â°C": 20.48, "co2_ppm": null, "Illumination_lx": null}}\n'}, {'role': 'user', 'content': '\n# Room Data\nCurrent Time: 21:49:51\n{"211 Olsson": {"Temperature_Â°C": 20.58, "co2_ppm": 534.59, "Illumination_lx": 0.0, "Humidity_%": 26.44, "occupancy_count": null, "spl_A": null, "voc_ppb": 231.71, "pm2.5_Î¼g/m3": 0.22, "pm10.0_Î¼g/m3": null, "motion_last_minute": null},\n"217 Olsson": {"Temperature_Â°C": 20.78, "co2_ppm": 496.02, "Illumination_lx": 34.76, "Humidity_%": 25.46, "occupancy_count": null, "spl_A": null, "voc_ppb": 223.74, "pm2.5_Î¼g/m3": 0.15, "pm10.0_Î¼g/m3": null, "motion_last_minute": null},\n"225 Olsson": {"Temperature_Â°C": 19.66, "co2_ppm": 478.77, "Illumination_lx": 0.0, "Humidity_%": 27.84, "occupancy_count": null, "spl_A": null, "voc_ppb": 205.43, "pm2.5_Î¼g/m3": 0.14, "pm10.0_Î¼g/m3": null, "motion_last_minute": null},\n"251 Olsson": {"Temperature_Â°C": 18.83, "co2_ppm": null, "Illumination_lx": 0.0, "Humidity_%": 0.0, "occupancy_count": null, "spl_A": null, "voc_ppb": null, "pm2.5_Î¼g/m3": null, "pm10.0_Î¼g/m3": null, "motion_last_minute": null},\n"204 Olsson": {"Temperature_Â°C": null, "co2_ppm": null, "Illumination_lx": null, "Humidity_%": null, "occupancy_count": null, "spl_A": null, "voc_ppb": null, "pm2.5_Î¼g/m3": null, "pm10.0_Î¼g/m3": null, "motion_last_minute": null}}\n\n\n# Output\nProvide a ranked list of rooms in JSON format as specified, including room name, rank, score, and reasons for ranking.\n\n# Instructions\n\n1. Analyze the room sensor data provided in the input.\n2. Understand the user\'s requirements and preferences based on the request.\n3. Evaluate each room\'s suitability by considering factors like temperature, CO2 levels, noise level, illumination, and etc. Use real-world context to interpret the sensor values effectively:\n\n   - **Temperature (Â°C)**:\n     - Optimal comfort for most activities is between **20â€“24Â°C**.\n     - Below **18Â°C** may feel too cold for comfort, while above **26Â°C** may be too warm.\n   \n   - **CO2 Level (ppm)**:\n     - Levels below **600 ppm** are ideal for maintaining focus and preventing drowsiness.\n     - Levels between **600â€“800 ppm** are acceptable for short durations but may reduce alertness.\n     - Above **1000 ppm** may cause discomfort and reduced cognitive performance.\n\n   - **Illumination (lux)**:\n     - For tasks requiring focus (e.g., studying, meetings), **300â€“500 lux** is appropriate.\n     - For relaxation, moderate levels around **100â€“300 lux** can be sufficient.\n     - Very low illumination (below **100 lux**) is suited for resting or sleeping but not for active tasks.\n\n   - **Noise Level (dB)**:\n     - Quiet rooms (below **35 dB**) are ideal for studying or sleeping.\n     - Moderate noise (between **35â€“50 dB**) is acceptable for discussions and casual meetings.\n     - High noise levels (above **50 dB**) can be disruptive, especially for focused activities.\n\n\n4. Use the real-world context above to assess the suitability of each room based on the user\'s activity. Rank rooms from most to least suitable.\n\n# User Request\nI really need a quite and safe place for study\n\n# Example\njson\n```\n{ "ranked_rooms": [ { "room_name": "Room 2", "rank": 1, "score": 95, "reasons": "Low noise level, optimal temperature, low CO2 level, no occupancy" }, { "room_name": "Room 1", "rank": 2, "score": 85, "reasons": "Moderate noise level, slightly higher CO2 level, moderate illumination" }, { "room_name": "Room 3", "rank": 3, "score": 75, "reasons": "Higher CO2 level, higher noise level despite good illumination" } ] }\n```\n\n'}], 'model': 'deepseek-chat', 'stream': False}}
2024-11-22 21:49:51,951 - DEBUG - Sending HTTP Request: POST https://api.deepseek.com/chat/completions
2024-11-22 21:49:51,951 - DEBUG - connect_tcp.started host='api.deepseek.com' port=443 local_address=None timeout=5.0 socket_options=None
2024-11-22 21:49:52,038 - DEBUG - connect_tcp.complete return_value=<httpcore._backends.sync.SyncStream object at 0x00000250C37CEED0>
2024-11-22 21:49:52,038 - DEBUG - start_tls.started ssl_context=<ssl.SSLContext object at 0x00000250C2ABA600> server_hostname='api.deepseek.com' timeout=5.0
2024-11-22 21:49:52,123 - DEBUG - start_tls.complete return_value=<httpcore._backends.sync.SyncStream object at 0x00000250C2B5B8D0>
2024-11-22 21:49:52,124 - DEBUG - send_request_headers.started request=<Request [b'POST']>
2024-11-22 21:49:52,124 - DEBUG - send_request_headers.complete
2024-11-22 21:49:52,124 - DEBUG - send_request_body.started request=<Request [b'POST']>
2024-11-22 21:49:52,124 - DEBUG - send_request_body.complete
2024-11-22 21:49:52,124 - DEBUG - receive_response_headers.started request=<Request [b'POST']>
2024-11-22 21:49:52,679 - DEBUG - receive_response_headers.complete return_value=(b'HTTP/1.1', 401, b'Unauthorized', [(b'Server', b'nginx/1.18.0 (Ubuntu)'), (b'Date', b'Sat, 23 Nov 2024 02:49:52 GMT'), (b'Content-Type', b'application/json'), (b'Content-Length', b'133'), (b'Connection', b'keep-alive'), (b'Set-Cookie', b'HWWAFSESID=5be0715479be1812e22; path=/'), (b'Set-Cookie', b'HWWAFSESTIME=1732330191655; path=/'), (b'x-ratelimit-limit', b'200'), (b'x-ratelimit-remaining', b'199'), (b'x-ds-request-id', b'4fac2da0-2232-4e4a-9eaa-5747f21cb756'), (b'vary', b'origin, access-control-request-method, access-control-request-headers'), (b'access-control-allow-credentials', b'true'), (b'x-ds-trace-id', b'a6c44e9af835aad72ffe80f5fdabd89b')])
2024-11-22 21:49:52,679 - INFO - HTTP Request: POST https://api.deepseek.com/chat/completions "HTTP/1.1 401 Unauthorized"
2024-11-22 21:49:52,680 - DEBUG - receive_response_body.started request=<Request [b'POST']>
2024-11-22 21:49:52,680 - DEBUG - receive_response_body.complete
2024-11-22 21:49:52,680 - DEBUG - response_closed.started
2024-11-22 21:49:52,680 - DEBUG - response_closed.complete
2024-11-22 21:49:52,680 - DEBUG - HTTP Response: POST https://api.deepseek.com/chat/completions "401 Unauthorized" Headers([('server', 'nginx/1.18.0 (Ubuntu)'), ('date', 'Sat, 23 Nov 2024 02:49:52 GMT'), ('content-type', 'application/json'), ('content-length', '133'), ('connection', 'keep-alive'), ('set-cookie', 'HWWAFSESID=5be0715479be1812e22; path=/'), ('set-cookie', 'HWWAFSESTIME=1732330191655; path=/'), ('x-ratelimit-limit', '200'), ('x-ratelimit-remaining', '199'), ('x-ds-request-id', '4fac2da0-2232-4e4a-9eaa-5747f21cb756'), ('vary', 'origin, access-control-request-method, access-control-request-headers'), ('access-control-allow-credentials', 'true'), ('x-ds-trace-id', 'a6c44e9af835aad72ffe80f5fdabd89b')])
2024-11-22 21:49:52,680 - DEBUG - request_id: None
2024-11-22 21:49:52,680 - DEBUG - Encountered httpx.HTTPStatusError
Traceback (most recent call last):
  File "d:\Programs\Conda\envs\smartbook\Lib\site-packages\openai\_base_client.py", line 1038, in _request
    response.raise_for_status()
  File "d:\Programs\Conda\envs\smartbook\Lib\site-packages\httpx\_models.py", line 763, in raise_for_status
    raise HTTPStatusError(message, request=request, response=self)
httpx.HTTPStatusError: Client error '401 Unauthorized' for url 'https://api.deepseek.com/chat/completions'
For more information check: https://developer.mozilla.org/en-US/docs/Web/HTTP/Status/401
2024-11-22 21:49:52,682 - DEBUG - Not retrying
2024-11-22 21:49:52,682 - DEBUG - Re-raising status error
2024-11-22 21:50:27,379 - DEBUG - Skipping Selenium Manager; path to chrome driver specified in Service class: D:\Programs\Conda\envs\smartbook\Lib\site-packages\seleniumbase\drivers/chromedriver.exe
2024-11-22 21:50:27,383 - DEBUG - Started executable: `D:\Programs\Conda\envs\smartbook\Lib\site-packages\seleniumbase\drivers/chromedriver.exe` in a child process with pid: 35064 using 0 to output -3
2024-11-22 21:50:32,308 - DEBUG - Skipping Selenium Manager; path to chrome driver specified in Service class: D:\Programs\Conda\envs\smartbook\Lib\site-packages\seleniumbase\drivers/chromedriver.exe
2024-11-22 21:50:32,311 - DEBUG - Started executable: `D:\Programs\Conda\envs\smartbook\Lib\site-packages\seleniumbase\drivers/chromedriver.exe` in a child process with pid: 31300 using 0 to output -3
2024-11-22 21:50:33,488 - INFO - Existing cookies found at ./saved_cookies/cookies_llu430173@gmail.com.txt
2024-11-22 21:50:33,494 - INFO - Existing cookies found at ./saved_cookies/cookies_llu430173@gmail.com.txt
2024-11-22 22:13:16,831 - DEBUG - Skipping Selenium Manager; path to chrome driver specified in Service class: D:\Programs\Conda\envs\smartbook\Lib\site-packages\seleniumbase\drivers/chromedriver.exe
2024-11-22 22:13:16,838 - DEBUG - Started executable: `D:\Programs\Conda\envs\smartbook\Lib\site-packages\seleniumbase\drivers/chromedriver.exe` in a child process with pid: 8288 using 0 to output -3
2024-11-22 22:13:21,345 - DEBUG - Skipping Selenium Manager; path to chrome driver specified in Service class: D:\Programs\Conda\envs\smartbook\Lib\site-packages\seleniumbase\drivers/chromedriver.exe
2024-11-22 22:13:21,348 - DEBUG - Started executable: `D:\Programs\Conda\envs\smartbook\Lib\site-packages\seleniumbase\drivers/chromedriver.exe` in a child process with pid: 6304 using 0 to output -3
2024-11-22 22:13:22,767 - INFO - Existing cookies found at ./saved_cookies/cookies_llu430173@gmail.com.txt
2024-11-22 22:13:22,769 - INFO - Existing cookies found at ./saved_cookies/cookies_llu430173@gmail.com.txt
2024-11-22 22:16:38,150 - DEBUG - Skipping Selenium Manager; path to chrome driver specified in Service class: D:\Programs\Conda\envs\smartbook\Lib\site-packages\seleniumbase\drivers/chromedriver.exe
2024-11-22 22:16:38,153 - DEBUG - Started executable: `D:\Programs\Conda\envs\smartbook\Lib\site-packages\seleniumbase\drivers/chromedriver.exe` in a child process with pid: 25992 using 0 to output -3
2024-11-22 22:16:42,711 - DEBUG - Skipping Selenium Manager; path to chrome driver specified in Service class: D:\Programs\Conda\envs\smartbook\Lib\site-packages\seleniumbase\drivers/chromedriver.exe
2024-11-22 22:16:42,715 - DEBUG - Started executable: `D:\Programs\Conda\envs\smartbook\Lib\site-packages\seleniumbase\drivers/chromedriver.exe` in a child process with pid: 32792 using 0 to output -3
2024-11-22 22:16:44,227 - INFO - Existing cookies found at ./saved_cookies/cookies_llu430173@gmail.com.txt
2024-11-22 22:16:44,230 - INFO - Existing cookies found at ./saved_cookies/cookies_llu430173@gmail.com.txt
2024-11-22 22:23:51,469 - DEBUG - Skipping Selenium Manager; path to chrome driver specified in Service class: D:\Programs\Conda\envs\smartbook\Lib\site-packages\seleniumbase\drivers/chromedriver.exe
2024-11-22 22:23:51,472 - DEBUG - Started executable: `D:\Programs\Conda\envs\smartbook\Lib\site-packages\seleniumbase\drivers/chromedriver.exe` in a child process with pid: 3784 using 0 to output -3
2024-11-22 22:23:55,479 - DEBUG - Skipping Selenium Manager; path to chrome driver specified in Service class: D:\Programs\Conda\envs\smartbook\Lib\site-packages\seleniumbase\drivers/chromedriver.exe
2024-11-22 22:23:55,481 - DEBUG - Started executable: `D:\Programs\Conda\envs\smartbook\Lib\site-packages\seleniumbase\drivers/chromedriver.exe` in a child process with pid: 30824 using 0 to output -3
2024-11-22 22:23:57,035 - INFO - Existing cookies found at ./saved_cookies/cookies_llu430173@gmail.com.txt
2024-11-22 22:23:57,039 - INFO - Existing cookies found at ./saved_cookies/cookies_llu430173@gmail.com.txt
2024-11-22 22:24:24,965 - DEBUG - Skipping Selenium Manager; path to chrome driver specified in Service class: D:\Programs\Conda\envs\smartbook\Lib\site-packages\seleniumbase\drivers/chromedriver.exe
2024-11-22 22:24:24,969 - DEBUG - Started executable: `D:\Programs\Conda\envs\smartbook\Lib\site-packages\seleniumbase\drivers/chromedriver.exe` in a child process with pid: 7084 using 0 to output -3
2024-11-22 22:24:29,496 - DEBUG - Skipping Selenium Manager; path to chrome driver specified in Service class: D:\Programs\Conda\envs\smartbook\Lib\site-packages\seleniumbase\drivers/chromedriver.exe
2024-11-22 22:24:29,499 - DEBUG - Started executable: `D:\Programs\Conda\envs\smartbook\Lib\site-packages\seleniumbase\drivers/chromedriver.exe` in a child process with pid: 26792 using 0 to output -3
2024-11-22 22:24:31,031 - INFO - Existing cookies found at ./saved_cookies/cookies_llu430173@gmail.com.txt
2024-11-22 22:24:31,033 - INFO - Existing cookies found at ./saved_cookies/cookies_llu430173@gmail.com.txt
2024-11-23 09:35:40,517 - DEBUG - Skipping Selenium Manager; path to chrome driver specified in Service class: D:\Programs\Conda\envs\smartbook\Lib\site-packages\seleniumbase\drivers/chromedriver.exe
2024-11-23 09:35:40,521 - DEBUG - Started executable: `D:\Programs\Conda\envs\smartbook\Lib\site-packages\seleniumbase\drivers/chromedriver.exe` in a child process with pid: 17548 using 0 to output -3
2024-11-23 09:35:44,291 - DEBUG - Skipping Selenium Manager; path to chrome driver specified in Service class: D:\Programs\Conda\envs\smartbook\Lib\site-packages\seleniumbase\drivers/chromedriver.exe
2024-11-23 09:35:44,294 - DEBUG - Started executable: `D:\Programs\Conda\envs\smartbook\Lib\site-packages\seleniumbase\drivers/chromedriver.exe` in a child process with pid: 2412 using 0 to output -3
2024-11-23 09:35:45,426 - INFO - Existing cookies found at ./saved_cookies/cookies_llu430173@gmail.com.txt
2024-11-23 09:35:45,428 - INFO - Existing cookies found at ./saved_cookies/cookies_llu430173@gmail.com.txt
2024-11-23 09:36:14,379 - DEBUG - Skipping Selenium Manager; path to chrome driver specified in Service class: D:\Programs\Conda\envs\smartbook\Lib\site-packages\seleniumbase\drivers/chromedriver.exe
2024-11-23 09:36:14,382 - DEBUG - Started executable: `D:\Programs\Conda\envs\smartbook\Lib\site-packages\seleniumbase\drivers/chromedriver.exe` in a child process with pid: 28072 using 0 to output -3
2024-11-23 09:36:17,961 - DEBUG - Skipping Selenium Manager; path to chrome driver specified in Service class: D:\Programs\Conda\envs\smartbook\Lib\site-packages\seleniumbase\drivers/chromedriver.exe
2024-11-23 09:36:17,965 - DEBUG - Started executable: `D:\Programs\Conda\envs\smartbook\Lib\site-packages\seleniumbase\drivers/chromedriver.exe` in a child process with pid: 17884 using 0 to output -3
2024-11-23 09:36:19,059 - INFO - Existing cookies found at ./saved_cookies/cookies_llu430173@gmail.com.txt
2024-11-23 09:36:19,061 - INFO - Existing cookies found at ./saved_cookies/cookies_llu430173@gmail.com.txt
2024-11-29 15:03:49,790 - DEBUG - load_ssl_context verify=True cert=None trust_env=True http2=False
2024-11-29 15:03:49,791 - DEBUG - load_verify_locations cafile='/root/anaconda3/envs/smartbook_wsl/lib/python3.11/site-packages/certifi/cacert.pem'
2024-11-29 15:03:49,819 - DEBUG - 
def chord(self, header, body, partial_args=0, interval=1, countdown=2, max_retries=3, eager=4, **kwargs):
    return 1

2024-11-29 15:03:49,819 - DEBUG - 
def chunks(task, it, n):
    return 1

2024-11-29 15:03:49,820 - DEBUG - 
def unlock_chord(self, group_id, callback, interval=0, max_retries=1, result=2, Result=3, GroupResult=4, result_from_tuple=5, **kwargs):
    return 1

2024-11-29 15:03:49,820 - DEBUG - 
def process_booking_request(requirements):
    return 1

2024-11-29 15:03:49,821 - DEBUG - 
def group(self, tasks, result, group_id, partial_args, add_to_parent=0):
    return 1

2024-11-29 15:03:49,821 - DEBUG - 
def xmap(task, it):
    return 1

2024-11-29 15:03:49,821 - DEBUG - 
def backend_cleanup():
    return 1

2024-11-29 15:03:49,821 - DEBUG - 
def chain(*args, **kwargs):
    return 1

2024-11-29 15:03:49,822 - DEBUG - 
def xstarmap(task, it):
    return 1

2024-11-29 15:03:49,822 - DEBUG - 
def accumulate(self, *args, **kwargs):
    return 1

2024-11-29 15:04:40,555 - DEBUG - load_ssl_context verify=True cert=None trust_env=True http2=False
2024-11-29 15:04:40,555 - DEBUG - load_verify_locations cafile='/root/anaconda3/envs/smartbook_wsl/lib/python3.11/site-packages/certifi/cacert.pem'
2024-11-29 15:04:40,575 - DEBUG - 
def chord(self, header, body, partial_args=0, interval=1, countdown=2, max_retries=3, eager=4, **kwargs):
    return 1

2024-11-29 15:04:40,576 - DEBUG - 
def chunks(task, it, n):
    return 1

2024-11-29 15:04:40,576 - DEBUG - 
def unlock_chord(self, group_id, callback, interval=0, max_retries=1, result=2, Result=3, GroupResult=4, result_from_tuple=5, **kwargs):
    return 1

2024-11-29 15:04:40,576 - DEBUG - 
def process_booking_request(requirements):
    return 1

2024-11-29 15:04:40,577 - DEBUG - 
def group(self, tasks, result, group_id, partial_args, add_to_parent=0):
    return 1

2024-11-29 15:04:40,577 - DEBUG - 
def xmap(task, it):
    return 1

2024-11-29 15:04:40,577 - DEBUG - 
def backend_cleanup():
    return 1

2024-11-29 15:04:40,577 - DEBUG - 
def chain(*args, **kwargs):
    return 1

2024-11-29 15:04:40,578 - DEBUG - 
def xstarmap(task, it):
    return 1

2024-11-29 15:04:40,579 - DEBUG - 
def accumulate(self, *args, **kwargs):
    return 1

2024-12-02 16:24:04,308 - DEBUG - load_ssl_context verify=True cert=None trust_env=True http2=False
2024-12-02 16:24:04,309 - DEBUG - load_verify_locations cafile='/root/anaconda3/envs/smartbook_wsl/lib/python3.11/site-packages/certifi/cacert.pem'
2024-12-02 16:24:04,339 - DEBUG - 
def chord(self, header, body, partial_args=0, interval=1, countdown=2, max_retries=3, eager=4, **kwargs):
    return 1

2024-12-02 16:24:04,340 - DEBUG - 
def chunks(task, it, n):
    return 1

2024-12-02 16:24:04,340 - DEBUG - 
def unlock_chord(self, group_id, callback, interval=0, max_retries=1, result=2, Result=3, GroupResult=4, result_from_tuple=5, **kwargs):
    return 1

2024-12-02 16:24:04,341 - DEBUG - 
def group(self, tasks, result, group_id, partial_args, add_to_parent=0):
    return 1

2024-12-02 16:24:04,342 - DEBUG - 
def xmap(task, it):
    return 1

2024-12-02 16:24:04,343 - DEBUG - 
def backend_cleanup():
    return 1

2024-12-02 16:24:04,343 - DEBUG - 
def process_booking_request(requirements):
    return 1

2024-12-02 16:24:04,344 - DEBUG - 
def chain(*args, **kwargs):
    return 1

2024-12-02 16:24:04,352 - DEBUG - 
def xstarmap(task, it):
    return 1

2024-12-02 16:24:04,353 - DEBUG - 
def accumulate(self, *args, **kwargs):
    return 1

2024-12-02 16:46:46,713 - DEBUG - load_ssl_context verify=True cert=None trust_env=True http2=False
2024-12-02 16:46:46,714 - DEBUG - load_verify_locations cafile='/root/anaconda3/envs/smartbook_wsl/lib/python3.11/site-packages/certifi/cacert.pem'
2024-12-02 16:46:46,753 - INFO - [31m[1mWARNING: This is a development server. Do not use it in a production deployment. Use a production WSGI server instead.[0m
 * Running on all addresses (0.0.0.0)
 * Running on http://127.0.0.1:5000
 * Running on http://172.25.141.89:5000
2024-12-02 16:46:46,753 - INFO - [33mPress CTRL+C to quit[0m
2024-12-02 16:46:46,755 - INFO -  * Restarting with stat
2024-12-02 16:46:47,608 - DEBUG - load_ssl_context verify=True cert=None trust_env=True http2=False
2024-12-02 16:46:47,609 - DEBUG - load_verify_locations cafile='/root/anaconda3/envs/smartbook_wsl/lib/python3.11/site-packages/certifi/cacert.pem'
2024-12-02 16:46:47,634 - WARNING -  * Debugger is active!
2024-12-02 16:46:47,636 - INFO -  * Debugger PIN: 484-915-569
2024-12-02 16:47:40,063 - DEBUG - 
def chain(*args, **kwargs):
    return 1

2024-12-02 16:47:40,065 - DEBUG - 
def process_booking_request(requirements):
    return 1

2024-12-02 16:47:40,065 - DEBUG - 
def xstarmap(task, it):
    return 1

2024-12-02 16:47:40,065 - DEBUG - 
def accumulate(self, *args, **kwargs):
    return 1

2024-12-02 16:47:40,066 - DEBUG - 
def chord(self, header, body, partial_args=0, interval=1, countdown=2, max_retries=3, eager=4, **kwargs):
    return 1

2024-12-02 16:47:40,066 - DEBUG - 
def chunks(task, it, n):
    return 1

2024-12-02 16:47:40,066 - DEBUG - 
def unlock_chord(self, group_id, callback, interval=0, max_retries=1, result=2, Result=3, GroupResult=4, result_from_tuple=5, **kwargs):
    return 1

2024-12-02 16:47:40,067 - DEBUG - 
def group(self, tasks, result, group_id, partial_args, add_to_parent=0):
    return 1

2024-12-02 16:47:40,067 - DEBUG - 
def xmap(task, it):
    return 1

2024-12-02 16:47:40,068 - DEBUG - 
def backend_cleanup():
    return 1

2024-12-02 16:47:40,109 - INFO - 127.0.0.1 - - [02/Dec/2024 16:47:40] "[35m[1mPOST /book-room HTTP/1.1[0m" 202 -
2024-12-02 16:47:40,118 - INFO - 127.0.0.1 - - [02/Dec/2024 16:47:40] "[35m[1mPOST /book-room HTTP/1.1[0m" 202 -
2024-12-02 16:47:40,125 - INFO - 127.0.0.1 - - [02/Dec/2024 16:47:40] "GET /status/e266e209-0ccf-492e-92d6-0ee8b927632c HTTP/1.1" 200 -
2024-12-02 16:47:42,135 - INFO - 127.0.0.1 - - [02/Dec/2024 16:47:42] "GET /status/e266e209-0ccf-492e-92d6-0ee8b927632c HTTP/1.1" 200 -
2024-12-02 16:47:44,145 - INFO - 127.0.0.1 - - [02/Dec/2024 16:47:44] "GET /status/e266e209-0ccf-492e-92d6-0ee8b927632c HTTP/1.1" 200 -
2024-12-02 16:47:46,155 - INFO - 127.0.0.1 - - [02/Dec/2024 16:47:46] "GET /status/e266e209-0ccf-492e-92d6-0ee8b927632c HTTP/1.1" 200 -
2024-12-02 16:47:48,165 - INFO - 127.0.0.1 - - [02/Dec/2024 16:47:48] "GET /status/e266e209-0ccf-492e-92d6-0ee8b927632c HTTP/1.1" 200 -
2024-12-02 16:47:50,172 - INFO - 127.0.0.1 - - [02/Dec/2024 16:47:50] "GET /status/e266e209-0ccf-492e-92d6-0ee8b927632c HTTP/1.1" 200 -
2024-12-02 16:47:52,178 - INFO - 127.0.0.1 - - [02/Dec/2024 16:47:52] "GET /status/e266e209-0ccf-492e-92d6-0ee8b927632c HTTP/1.1" 200 -
2024-12-02 16:47:54,186 - INFO - 127.0.0.1 - - [02/Dec/2024 16:47:54] "GET /status/e266e209-0ccf-492e-92d6-0ee8b927632c HTTP/1.1" 200 -
2024-12-02 16:47:56,193 - INFO - 127.0.0.1 - - [02/Dec/2024 16:47:56] "GET /status/e266e209-0ccf-492e-92d6-0ee8b927632c HTTP/1.1" 200 -
2024-12-02 16:47:58,203 - INFO - 127.0.0.1 - - [02/Dec/2024 16:47:58] "GET /status/e266e209-0ccf-492e-92d6-0ee8b927632c HTTP/1.1" 200 -
2024-12-02 16:48:40,366 - DEBUG - load_ssl_context verify=True cert=None trust_env=True http2=False
2024-12-02 16:48:40,367 - DEBUG - load_verify_locations cafile='/root/anaconda3/envs/smartbook_wsl/lib/python3.11/site-packages/certifi/cacert.pem'
2024-12-02 16:48:40,386 - DEBUG - 
def chord(self, header, body, partial_args=0, interval=1, countdown=2, max_retries=3, eager=4, **kwargs):
    return 1

2024-12-02 16:48:40,387 - DEBUG - 
def chunks(task, it, n):
    return 1

2024-12-02 16:48:40,387 - DEBUG - 
def unlock_chord(self, group_id, callback, interval=0, max_retries=1, result=2, Result=3, GroupResult=4, result_from_tuple=5, **kwargs):
    return 1

2024-12-02 16:48:40,388 - DEBUG - 
def group(self, tasks, result, group_id, partial_args, add_to_parent=0):
    return 1

2024-12-02 16:48:40,388 - DEBUG - 
def xmap(task, it):
    return 1

2024-12-02 16:48:40,388 - DEBUG - 
def backend_cleanup():
    return 1

2024-12-02 16:48:40,389 - DEBUG - 
def process_booking_request(requirements):
    return 1

2024-12-02 16:48:40,389 - DEBUG - 
def chain(*args, **kwargs):
    return 1

2024-12-02 16:48:40,389 - DEBUG - 
def xstarmap(task, it):
    return 1

2024-12-02 16:48:40,389 - DEBUG - 
def accumulate(self, *args, **kwargs):
    return 1

2024-12-02 16:50:03,594 - DEBUG - load_ssl_context verify=True cert=None trust_env=True http2=False
2024-12-02 16:50:03,594 - DEBUG - load_verify_locations cafile='/root/anaconda3/envs/smartbook_wsl/lib/python3.11/site-packages/certifi/cacert.pem'
2024-12-02 16:50:03,619 - INFO - [31m[1mWARNING: This is a development server. Do not use it in a production deployment. Use a production WSGI server instead.[0m
 * Running on all addresses (0.0.0.0)
 * Running on http://127.0.0.1:5000
 * Running on http://172.25.141.89:5000
2024-12-02 16:50:03,620 - INFO - [33mPress CTRL+C to quit[0m
2024-12-02 16:50:03,621 - INFO -  * Restarting with stat
2024-12-02 16:50:04,367 - DEBUG - load_ssl_context verify=True cert=None trust_env=True http2=False
2024-12-02 16:50:04,368 - DEBUG - load_verify_locations cafile='/root/anaconda3/envs/smartbook_wsl/lib/python3.11/site-packages/certifi/cacert.pem'
2024-12-02 16:50:04,390 - WARNING -  * Debugger is active!
2024-12-02 16:50:04,390 - INFO -  * Debugger PIN: 484-915-569
2024-12-02 16:50:10,703 - DEBUG - 
def chain(*args, **kwargs):
    return 1

2024-12-02 16:50:10,706 - DEBUG - 
def process_booking_request(requirements):
    return 1

2024-12-02 16:50:10,706 - DEBUG - 
def xstarmap(task, it):
    return 1

2024-12-02 16:50:10,706 - DEBUG - 
def accumulate(self, *args, **kwargs):
    return 1

2024-12-02 16:50:10,709 - DEBUG - 
def chord(self, header, body, partial_args=0, interval=1, countdown=2, max_retries=3, eager=4, **kwargs):
    return 1

2024-12-02 16:50:10,712 - DEBUG - 
def chunks(task, it, n):
    return 1

2024-12-02 16:50:10,713 - DEBUG - 
def unlock_chord(self, group_id, callback, interval=0, max_retries=1, result=2, Result=3, GroupResult=4, result_from_tuple=5, **kwargs):
    return 1

2024-12-02 16:50:10,713 - DEBUG - 
def group(self, tasks, result, group_id, partial_args, add_to_parent=0):
    return 1

2024-12-02 16:50:10,714 - DEBUG - 
def xmap(task, it):
    return 1

2024-12-02 16:50:10,714 - DEBUG - 
def backend_cleanup():
    return 1

2024-12-02 16:50:10,757 - INFO - 127.0.0.1 - - [02/Dec/2024 16:50:10] "[35m[1mPOST /book-room HTTP/1.1[0m" 202 -
2024-12-02 16:50:10,768 - INFO - 127.0.0.1 - - [02/Dec/2024 16:50:10] "[35m[1mPOST /book-room HTTP/1.1[0m" 202 -
2024-12-02 16:50:10,778 - INFO - 127.0.0.1 - - [02/Dec/2024 16:50:10] "GET /status/ed5b269e-5089-49a6-9502-66d5400630ef HTTP/1.1" 200 -
2024-12-02 16:50:12,788 - INFO - 127.0.0.1 - - [02/Dec/2024 16:50:12] "GET /status/ed5b269e-5089-49a6-9502-66d5400630ef HTTP/1.1" 200 -
2024-12-02 16:51:01,689 - DEBUG - load_ssl_context verify=True cert=None trust_env=True http2=False
2024-12-02 16:51:01,690 - DEBUG - load_verify_locations cafile='/root/anaconda3/envs/smartbook_wsl/lib/python3.11/site-packages/certifi/cacert.pem'
2024-12-02 16:51:01,712 - DEBUG - 
def chord(self, header, body, partial_args=0, interval=1, countdown=2, max_retries=3, eager=4, **kwargs):
    return 1

2024-12-02 16:51:01,712 - DEBUG - 
def chunks(task, it, n):
    return 1

2024-12-02 16:51:01,713 - DEBUG - 
def unlock_chord(self, group_id, callback, interval=0, max_retries=1, result=2, Result=3, GroupResult=4, result_from_tuple=5, **kwargs):
    return 1

2024-12-02 16:51:01,714 - DEBUG - 
def group(self, tasks, result, group_id, partial_args, add_to_parent=0):
    return 1

2024-12-02 16:51:01,714 - DEBUG - 
def xmap(task, it):
    return 1

2024-12-02 16:51:01,715 - DEBUG - 
def backend_cleanup():
    return 1

2024-12-02 16:51:01,716 - DEBUG - 
def process_booking_request(requirements):
    return 1

2024-12-02 16:51:01,716 - DEBUG - 
def chain(*args, **kwargs):
    return 1

2024-12-02 16:51:01,717 - DEBUG - 
def xstarmap(task, it):
    return 1

2024-12-02 16:51:01,717 - DEBUG - 
def accumulate(self, *args, **kwargs):
    return 1

2024-12-02 16:51:09,263 - DEBUG - load_ssl_context verify=True cert=None trust_env=True http2=False
2024-12-02 16:51:09,263 - DEBUG - load_verify_locations cafile='/root/anaconda3/envs/smartbook_wsl/lib/python3.11/site-packages/certifi/cacert.pem'
2024-12-02 16:51:09,289 - INFO - [31m[1mWARNING: This is a development server. Do not use it in a production deployment. Use a production WSGI server instead.[0m
 * Running on all addresses (0.0.0.0)
 * Running on http://127.0.0.1:5000
 * Running on http://172.25.141.89:5000
2024-12-02 16:51:09,289 - INFO - [33mPress CTRL+C to quit[0m
2024-12-02 16:51:09,290 - INFO -  * Restarting with stat
2024-12-02 16:51:10,025 - DEBUG - load_ssl_context verify=True cert=None trust_env=True http2=False
2024-12-02 16:51:10,026 - DEBUG - load_verify_locations cafile='/root/anaconda3/envs/smartbook_wsl/lib/python3.11/site-packages/certifi/cacert.pem'
2024-12-02 16:51:10,049 - WARNING -  * Debugger is active!
2024-12-02 16:51:10,052 - INFO -  * Debugger PIN: 484-915-569
2024-12-02 16:51:16,818 - DEBUG - 
def chain(*args, **kwargs):
    return 1

2024-12-02 16:51:16,819 - DEBUG - 
def process_booking_request(requirements):
    return 1

2024-12-02 16:51:16,820 - DEBUG - 
def xstarmap(task, it):
    return 1

2024-12-02 16:51:16,820 - DEBUG - 
def accumulate(self, *args, **kwargs):
    return 1

2024-12-02 16:51:16,820 - DEBUG - 
def chord(self, header, body, partial_args=0, interval=1, countdown=2, max_retries=3, eager=4, **kwargs):
    return 1

2024-12-02 16:51:16,821 - DEBUG - 
def chunks(task, it, n):
    return 1

2024-12-02 16:51:16,821 - DEBUG - 
def unlock_chord(self, group_id, callback, interval=0, max_retries=1, result=2, Result=3, GroupResult=4, result_from_tuple=5, **kwargs):
    return 1

2024-12-02 16:51:16,821 - DEBUG - 
def group(self, tasks, result, group_id, partial_args, add_to_parent=0):
    return 1

2024-12-02 16:51:16,822 - DEBUG - 
def xmap(task, it):
    return 1

2024-12-02 16:51:16,822 - DEBUG - 
def backend_cleanup():
    return 1

2024-12-02 16:51:16,864 - INFO - 127.0.0.1 - - [02/Dec/2024 16:51:16] "[35m[1mPOST /book-room HTTP/1.1[0m" 202 -
2024-12-02 16:51:16,871 - INFO - 127.0.0.1 - - [02/Dec/2024 16:51:16] "[35m[1mPOST /book-room HTTP/1.1[0m" 202 -
2024-12-02 16:51:16,878 - INFO - 127.0.0.1 - - [02/Dec/2024 16:51:16] "GET /status/2886b863-e777-40e6-a70c-72e7292d69d8 HTTP/1.1" 200 -
2024-12-02 16:51:18,886 - INFO - 127.0.0.1 - - [02/Dec/2024 16:51:18] "GET /status/2886b863-e777-40e6-a70c-72e7292d69d8 HTTP/1.1" 200 -
2024-12-02 16:51:20,895 - INFO - 127.0.0.1 - - [02/Dec/2024 16:51:20] "GET /status/2886b863-e777-40e6-a70c-72e7292d69d8 HTTP/1.1" 200 -
2024-12-02 16:51:22,902 - INFO - 127.0.0.1 - - [02/Dec/2024 16:51:22] "GET /status/2886b863-e777-40e6-a70c-72e7292d69d8 HTTP/1.1" 200 -
2024-12-02 16:51:24,908 - INFO - 127.0.0.1 - - [02/Dec/2024 16:51:24] "GET /status/2886b863-e777-40e6-a70c-72e7292d69d8 HTTP/1.1" 200 -
2024-12-02 16:51:26,918 - INFO - 127.0.0.1 - - [02/Dec/2024 16:51:26] "GET /status/2886b863-e777-40e6-a70c-72e7292d69d8 HTTP/1.1" 200 -
2024-12-02 16:51:28,924 - INFO - 127.0.0.1 - - [02/Dec/2024 16:51:28] "GET /status/2886b863-e777-40e6-a70c-72e7292d69d8 HTTP/1.1" 200 -
2024-12-02 16:51:30,932 - INFO - 127.0.0.1 - - [02/Dec/2024 16:51:30] "GET /status/2886b863-e777-40e6-a70c-72e7292d69d8 HTTP/1.1" 200 -
2024-12-02 16:51:32,938 - INFO - 127.0.0.1 - - [02/Dec/2024 16:51:32] "GET /status/2886b863-e777-40e6-a70c-72e7292d69d8 HTTP/1.1" 200 -
2024-12-02 16:51:34,945 - INFO - 127.0.0.1 - - [02/Dec/2024 16:51:34] "GET /status/2886b863-e777-40e6-a70c-72e7292d69d8 HTTP/1.1" 200 -
2024-12-02 16:52:58,019 - INFO - 127.0.0.1 - - [02/Dec/2024 16:52:58] "[33mOPTIONS /getRooms HTTP/1.1[0m" 404 -
2024-12-02 16:53:55,177 - INFO - 127.0.0.1 - - [02/Dec/2024 16:53:55] "[33mOPTIONS /getRooms HTTP/1.1[0m" 404 -
2024-12-02 16:53:55,396 - INFO - 127.0.0.1 - - [02/Dec/2024 16:53:55] "[33mOPTIONS /getRooms HTTP/1.1[0m" 404 -
2024-12-02 16:53:55,768 - INFO - 127.0.0.1 - - [02/Dec/2024 16:53:55] "[33mOPTIONS /getRooms HTTP/1.1[0m" 404 -
2024-12-02 16:54:37,067 - INFO - 127.0.0.1 - - [02/Dec/2024 16:54:37] "[33mOPTIONS /getRooms HTTP/1.1[0m" 404 -
2024-12-02 16:54:40,402 - INFO - 127.0.0.1 - - [02/Dec/2024 16:54:40] "[33mOPTIONS /getRooms HTTP/1.1[0m" 404 -
2024-12-02 16:55:24,397 - INFO - 127.0.0.1 - - [02/Dec/2024 16:55:24] "OPTIONS /book-room HTTP/1.1" 200 -
2024-12-02 17:16:30,253 - INFO - 127.0.0.1 - - [02/Dec/2024 17:16:30] "OPTIONS /book-room HTTP/1.1" 200 -
2024-12-02 17:21:02,498 - INFO - 172.25.128.1 - - [02/Dec/2024 17:21:02] "[31m[1mPOST /book-room HTTP/1.1[0m" 415 -
2024-12-02 17:21:29,301 - INFO - 172.25.128.1 - - [02/Dec/2024 17:21:29] "[31m[1mPOST /book-room?requirements=2%20beds,%20near%20downtown HTTP/1.1[0m" 415 -
2024-12-02 17:21:42,968 - INFO - 127.0.0.1 - - [02/Dec/2024 17:21:42] "[31m[1mPOST /book-room?requirements=2%20beds,%20near%20downtown HTTP/1.1[0m" 415 -
2024-12-02 17:23:33,042 - INFO - 127.0.0.1 - - [02/Dec/2024 17:23:33] "[31m[1mPOST /book-room?requirements=Meeting%20room%20for%2010%20people%20with%20projector&user_id=user123&system_time=2024-12-02T12:34:56Z&sig_version=1&signature=test_signature_value HTTP/1.1[0m" 415 -
2024-12-02 17:23:50,304 - INFO - 127.0.0.1 - - [02/Dec/2024 17:23:50] "[31m[1mPOST /book-room?requirements=Meeting%20room%20for%2010%20people%20with%20projector&user_id=user123&system_time=2024-12-02T12:34:56Z&sig_version=1&signature=test_signature_value HTTP/1.1[0m" 415 -
2024-12-02 17:24:43,989 - INFO - 127.0.0.1 - - [02/Dec/2024 17:24:43] "[31m[1mPOST /book-room?requirements=Meeting%20room%20for%2010%20people%20with%20projector&user_id=user123&system_time=2024-12-02T12:34:56Z&sig_version=1&signature=test_signature_value HTTP/1.1[0m" 415 -
2024-12-02 17:25:39,655 - INFO - 127.0.0.1 - - [02/Dec/2024 17:25:39] "[35m[1mPOST /book-room?requirements=Meeting%20room%20for%2010%20people%20with%20projector&user_id=user123&system_time=2024-12-02T12:34:56Z&sig_version=1&signature=test_signature_value HTTP/1.1[0m" 202 -
2024-12-02 17:26:02,915 - INFO - 172.25.128.1 - - [02/Dec/2024 17:26:02] "[33mGET /get_result?result_id=9f4b3d4a-4447-421d-a069-bad1c3160729 HTTP/1.1[0m" 404 -
2024-12-02 17:26:18,516 - INFO - 127.0.0.1 - - [02/Dec/2024 17:26:18] "[33mGET /get_result?result_id=9f4b3d4a-4447-421d-a069-bad1c3160729 HTTP/1.1[0m" 404 -
2024-12-02 17:30:07,921 - INFO - 127.0.0.1 - - [02/Dec/2024 17:30:07] "GET /status/9f4b3d4a-4447-421d-a069-bad1c3160729 HTTP/1.1" 200 -
2024-12-02 19:31:22,377 - INFO - 127.0.0.1 - - [02/Dec/2024 19:31:22] "OPTIONS /book-room HTTP/1.1" 200 -
2024-12-02 19:34:13,375 - INFO - 127.0.0.1 - - [02/Dec/2024 19:34:13] "OPTIONS /book-room HTTP/1.1" 200 -
2024-12-02 19:34:40,310 - INFO - 127.0.0.1 - - [02/Dec/2024 19:34:40] "OPTIONS /book-room HTTP/1.1" 200 -
2024-12-02 19:38:30,172 - INFO - 127.0.0.1 - - [02/Dec/2024 19:38:30] "[31m[1mPOST /book-room?requirements=Meeting%20room%20for%2010%20people%20with%20projector&user_id=user123&system_time=2024-12-02T12:34:56Z&sig_version=1&signature=test_signature_value HTTP/1.1[0m" 415 -
2024-12-02 19:38:35,352 - INFO - 127.0.0.1 - - [02/Dec/2024 19:38:35] "[31m[1mPOST /book-room?requirements=Meeting%20room%20for%2010%20people%20with%20projector&user_id=user123&system_time=2024-12-02T12:34:56Z&sig_version=1&signature=test_signature_value HTTP/1.1[0m" 415 -
2024-12-02 19:38:44,141 - INFO - 127.0.0.1 - - [02/Dec/2024 19:38:44] "[35m[1mPOST /book-room?requirements=Meeting%20room%20for%2010%20people%20with%20projector&user_id=user123&system_time=2024-12-02T12:34:56Z&sig_version=1&signature=test_signature_value HTTP/1.1[0m" 202 -
2024-12-02 19:38:48,433 - INFO - 127.0.0.1 - - [02/Dec/2024 19:38:48] "[35m[1mPOST /book-room?requirements=Meeting%20room%20for%2010%20people%20with%20projector&user_id=user123&system_time=2024-12-02T12:34:56Z&sig_version=1&signature=test_signature_value HTTP/1.1[0m" 202 -
2024-12-02 19:38:50,990 - INFO - 127.0.0.1 - - [02/Dec/2024 19:38:50] "[35m[1mPOST /book-room?requirements=Meeting%20room%20for%2010%20people%20with%20projector&user_id=user123&system_time=2024-12-02T12:34:56Z&sig_version=1&signature=test_signature_value HTTP/1.1[0m" 202 -
2024-12-02 19:38:52,972 - INFO - 127.0.0.1 - - [02/Dec/2024 19:38:52] "[35m[1mPOST /book-room?requirements=Meeting%20room%20for%2010%20people%20with%20projector&user_id=user123&system_time=2024-12-02T12:34:56Z&sig_version=1&signature=test_signature_value HTTP/1.1[0m" 202 -
2024-12-02 19:38:54,956 - INFO - 127.0.0.1 - - [02/Dec/2024 19:38:54] "[35m[1mPOST /book-room?requirements=Meeting%20room%20for%2010%20people%20with%20projector&user_id=user123&system_time=2024-12-02T12:34:56Z&sig_version=1&signature=test_signature_value HTTP/1.1[0m" 202 -
2024-12-02 19:38:57,060 - INFO - 127.0.0.1 - - [02/Dec/2024 19:38:57] "[35m[1mPOST /book-room?requirements=Meeting%20room%20for%2010%20people%20with%20projector&user_id=user123&system_time=2024-12-02T12:34:56Z&sig_version=1&signature=test_signature_value HTTP/1.1[0m" 202 -
2024-12-02 19:38:59,002 - INFO - 127.0.0.1 - - [02/Dec/2024 19:38:59] "[31m[1mPOST /book-room?requirements=Meeting%20room%20for%2010%20people%20with%20projector&user_id=user123&system_time=2024-12-02T12:34:56Z&sig_version=1&signature=test_signature_value HTTP/1.1[0m" 400 -
2024-12-02 19:39:05,412 - INFO - 127.0.0.1 - - [02/Dec/2024 19:39:05] "[31m[1mPOST /book-room?requirements=Meeting%20room%20for%2010%20people%20with%20projector&user_id=user123&system_time=2024-12-02T12:34:56Z&sig_version=1&signature=test_signature_value HTTP/1.1[0m" 415 -
2024-12-02 19:39:07,854 - INFO - 127.0.0.1 - - [02/Dec/2024 19:39:07] "[35m[1mPOST /book-room?requirements=Meeting%20room%20for%2010%20people%20with%20projector&user_id=user123&system_time=2024-12-02T12:34:56Z&sig_version=1&signature=test_signature_value HTTP/1.1[0m" 202 -
2024-12-02 19:41:20,387 - INFO - 127.0.0.1 - - [02/Dec/2024 19:41:20] "OPTIONS /book-room HTTP/1.1" 200 -
2024-12-02 19:42:55,236 - INFO - 127.0.0.1 - - [02/Dec/2024 19:42:55] "GET /status/9f4b3d4a-4447-421d-a069-bad1c3160729 HTTP/1.1" 200 -
2024-12-02 19:42:58,434 - INFO - 127.0.0.1 - - [02/Dec/2024 19:42:58] "GET /status/9f4b3d4a-4447-421d-a069-bad1c3160729 HTTP/1.1" 200 -
2024-12-02 19:42:58,535 - INFO - 127.0.0.1 - - [02/Dec/2024 19:42:58] "[33mGET /favicon.ico HTTP/1.1[0m" 404 -
2024-12-02 19:48:07,105 - INFO -  * Detected change in '/mnt/d/Academic/healthy_building/smartbook/test_1/config.py', reloading
2024-12-02 19:48:07,800 - INFO -  * Restarting with stat
2024-12-02 19:48:35,702 - DEBUG - load_ssl_context verify=True cert=None trust_env=True http2=False
2024-12-02 19:48:35,703 - DEBUG - load_verify_locations cafile='/root/anaconda3/envs/smartbook_wsl/lib/python3.11/site-packages/certifi/cacert.pem'
2024-12-02 19:48:35,727 - DEBUG - 
def chord(self, header, body, partial_args=0, interval=1, countdown=2, max_retries=3, eager=4, **kwargs):
    return 1

2024-12-02 19:48:35,728 - DEBUG - 
def chunks(task, it, n):
    return 1

2024-12-02 19:48:35,729 - DEBUG - 
def unlock_chord(self, group_id, callback, interval=0, max_retries=1, result=2, Result=3, GroupResult=4, result_from_tuple=5, **kwargs):
    return 1

2024-12-02 19:48:35,730 - DEBUG - 
def group(self, tasks, result, group_id, partial_args, add_to_parent=0):
    return 1

2024-12-02 19:48:35,730 - DEBUG - 
def xmap(task, it):
    return 1

2024-12-02 19:48:35,730 - DEBUG - 
def backend_cleanup():
    return 1

2024-12-02 19:48:35,731 - DEBUG - 
def chain(*args, **kwargs):
    return 1

2024-12-02 19:48:35,731 - DEBUG - 
def xstarmap(task, it):
    return 1

2024-12-02 19:48:35,731 - DEBUG - 
def accumulate(self, *args, **kwargs):
    return 1

2024-12-02 19:48:35,731 - DEBUG - 
def process_booking_request(requirements):
    return 1

2024-12-02 19:48:43,090 - DEBUG - load_ssl_context verify=True cert=None trust_env=True http2=False
2024-12-02 19:48:43,090 - DEBUG - load_verify_locations cafile='/root/anaconda3/envs/smartbook_wsl/lib/python3.11/site-packages/certifi/cacert.pem'
2024-12-02 19:48:43,117 - INFO - [31m[1mWARNING: This is a development server. Do not use it in a production deployment. Use a production WSGI server instead.[0m
 * Running on all addresses (0.0.0.0)
 * Running on http://127.0.0.1:5000
 * Running on http://172.25.141.89:5000
2024-12-02 19:48:43,117 - INFO - [33mPress CTRL+C to quit[0m
2024-12-02 19:48:43,118 - INFO -  * Restarting with stat
2024-12-02 19:48:43,979 - DEBUG - load_ssl_context verify=True cert=None trust_env=True http2=False
2024-12-02 19:48:43,979 - DEBUG - load_verify_locations cafile='/root/anaconda3/envs/smartbook_wsl/lib/python3.11/site-packages/certifi/cacert.pem'
2024-12-02 19:48:44,001 - WARNING -  * Debugger is active!
2024-12-02 19:48:44,002 - INFO -  * Debugger PIN: 484-915-569
2024-12-02 19:48:48,665 - DEBUG - 
def chain(*args, **kwargs):
    return 1

2024-12-02 19:48:48,666 - DEBUG - 
def xstarmap(task, it):
    return 1

2024-12-02 19:48:48,666 - DEBUG - 
def accumulate(self, *args, **kwargs):
    return 1

2024-12-02 19:48:48,667 - DEBUG - 
def chord(self, header, body, partial_args=0, interval=1, countdown=2, max_retries=3, eager=4, **kwargs):
    return 1

2024-12-02 19:48:48,667 - DEBUG - 
def process_booking_request(requirements):
    return 1

2024-12-02 19:48:48,667 - DEBUG - 
def chunks(task, it, n):
    return 1

2024-12-02 19:48:48,668 - DEBUG - 
def unlock_chord(self, group_id, callback, interval=0, max_retries=1, result=2, Result=3, GroupResult=4, result_from_tuple=5, **kwargs):
    return 1

2024-12-02 19:48:48,668 - DEBUG - 
def group(self, tasks, result, group_id, partial_args, add_to_parent=0):
    return 1

2024-12-02 19:48:48,668 - DEBUG - 
def xmap(task, it):
    return 1

2024-12-02 19:48:48,669 - DEBUG - 
def backend_cleanup():
    return 1

2024-12-02 19:48:48,711 - INFO - 127.0.0.1 - - [02/Dec/2024 19:48:48] "[35m[1mPOST /book-room HTTP/1.1[0m" 202 -
2024-12-02 19:48:48,719 - INFO - 127.0.0.1 - - [02/Dec/2024 19:48:48] "[35m[1mPOST /book-room HTTP/1.1[0m" 202 -
2024-12-02 19:48:48,725 - INFO - 127.0.0.1 - - [02/Dec/2024 19:48:48] "GET /status/574891a6-c775-4bfd-b13d-6458b3a0e21a HTTP/1.1" 200 -
2024-12-02 19:48:50,732 - INFO - 127.0.0.1 - - [02/Dec/2024 19:48:50] "GET /status/574891a6-c775-4bfd-b13d-6458b3a0e21a HTTP/1.1" 200 -
2024-12-02 19:48:52,741 - INFO - 127.0.0.1 - - [02/Dec/2024 19:48:52] "GET /status/574891a6-c775-4bfd-b13d-6458b3a0e21a HTTP/1.1" 200 -
2024-12-02 19:48:54,749 - INFO - 127.0.0.1 - - [02/Dec/2024 19:48:54] "GET /status/574891a6-c775-4bfd-b13d-6458b3a0e21a HTTP/1.1" 200 -
2024-12-02 19:48:56,758 - INFO - 127.0.0.1 - - [02/Dec/2024 19:48:56] "GET /status/574891a6-c775-4bfd-b13d-6458b3a0e21a HTTP/1.1" 200 -
2024-12-02 19:48:58,764 - INFO - 127.0.0.1 - - [02/Dec/2024 19:48:58] "GET /status/574891a6-c775-4bfd-b13d-6458b3a0e21a HTTP/1.1" 200 -
2024-12-02 19:49:00,774 - INFO - 127.0.0.1 - - [02/Dec/2024 19:49:00] "GET /status/574891a6-c775-4bfd-b13d-6458b3a0e21a HTTP/1.1" 200 -
2024-12-02 19:49:02,782 - INFO - 127.0.0.1 - - [02/Dec/2024 19:49:02] "GET /status/574891a6-c775-4bfd-b13d-6458b3a0e21a HTTP/1.1" 200 -
2024-12-02 19:49:04,790 - INFO - 127.0.0.1 - - [02/Dec/2024 19:49:04] "GET /status/574891a6-c775-4bfd-b13d-6458b3a0e21a HTTP/1.1" 200 -
2024-12-02 19:49:06,800 - INFO - 127.0.0.1 - - [02/Dec/2024 19:49:06] "GET /status/574891a6-c775-4bfd-b13d-6458b3a0e21a HTTP/1.1" 200 -
2024-12-02 19:49:33,875 - INFO - 127.0.0.1 - - [02/Dec/2024 19:49:33] "[35m[1mPOST /book-room?requirements=Meeting%20room%20for%2010%20people%20with%20projector&user_id=user123&system_time=2024-12-02T12:34:56Z&sig_version=1&signature=test_signature_value HTTP/1.1[0m" 202 -
2024-12-02 19:49:43,011 - INFO - 127.0.0.1 - - [02/Dec/2024 19:49:43] "GET /status/67465053-5bf2-4e22-b82c-1c6d3ee892b8 HTTP/1.1" 200 -
2024-12-02 19:49:45,770 - INFO - 127.0.0.1 - - [02/Dec/2024 19:49:45] "GET /status/67465053-5bf2-4e22-b82c-1c6d3ee892b8 HTTP/1.1" 200 -
2024-12-02 19:49:46,565 - INFO - 127.0.0.1 - - [02/Dec/2024 19:49:46] "GET /status/67465053-5bf2-4e22-b82c-1c6d3ee892b8 HTTP/1.1" 200 -
2024-12-02 19:49:47,278 - INFO - 127.0.0.1 - - [02/Dec/2024 19:49:47] "GET /status/67465053-5bf2-4e22-b82c-1c6d3ee892b8 HTTP/1.1" 200 -
2024-12-02 19:49:48,267 - INFO - 127.0.0.1 - - [02/Dec/2024 19:49:48] "GET /status/67465053-5bf2-4e22-b82c-1c6d3ee892b8 HTTP/1.1" 200 -
2024-12-02 19:49:50,211 - INFO - 127.0.0.1 - - [02/Dec/2024 19:49:50] "GET /status/67465053-5bf2-4e22-b82c-1c6d3ee892b8 HTTP/1.1" 200 -
2024-12-02 19:49:50,968 - INFO - 127.0.0.1 - - [02/Dec/2024 19:49:50] "GET /status/67465053-5bf2-4e22-b82c-1c6d3ee892b8 HTTP/1.1" 200 -
2024-12-02 19:49:51,638 - INFO - 127.0.0.1 - - [02/Dec/2024 19:49:51] "GET /status/67465053-5bf2-4e22-b82c-1c6d3ee892b8 HTTP/1.1" 200 -
2024-12-02 19:49:52,304 - INFO - 127.0.0.1 - - [02/Dec/2024 19:49:52] "GET /status/67465053-5bf2-4e22-b82c-1c6d3ee892b8 HTTP/1.1" 200 -
2024-12-02 19:49:53,049 - INFO - 127.0.0.1 - - [02/Dec/2024 19:49:53] "GET /status/67465053-5bf2-4e22-b82c-1c6d3ee892b8 HTTP/1.1" 200 -
2024-12-02 19:49:53,652 - INFO - 127.0.0.1 - - [02/Dec/2024 19:49:53] "GET /status/67465053-5bf2-4e22-b82c-1c6d3ee892b8 HTTP/1.1" 200 -
2024-12-02 19:49:54,301 - INFO - 127.0.0.1 - - [02/Dec/2024 19:49:54] "GET /status/67465053-5bf2-4e22-b82c-1c6d3ee892b8 HTTP/1.1" 200 -
2024-12-02 19:49:54,909 - INFO - 127.0.0.1 - - [02/Dec/2024 19:49:54] "GET /status/67465053-5bf2-4e22-b82c-1c6d3ee892b8 HTTP/1.1" 200 -
2024-12-02 19:49:55,702 - INFO - 127.0.0.1 - - [02/Dec/2024 19:49:55] "GET /status/67465053-5bf2-4e22-b82c-1c6d3ee892b8 HTTP/1.1" 200 -
2024-12-02 19:49:56,899 - INFO - 127.0.0.1 - - [02/Dec/2024 19:49:56] "GET /status/67465053-5bf2-4e22-b82c-1c6d3ee892b8 HTTP/1.1" 200 -
2024-12-02 19:50:01,438 - INFO - 127.0.0.1 - - [02/Dec/2024 19:50:01] "OPTIONS /book-room HTTP/1.1" 200 -
2024-12-02 19:50:01,448 - INFO - 127.0.0.1 - - [02/Dec/2024 19:50:01] "[35m[1mPOST /book-room HTTP/1.1[0m" 202 -
2024-12-02 19:50:01,475 - INFO - 127.0.0.1 - - [02/Dec/2024 19:50:01] "GET /status/1f217f8d-2f5b-4225-a6c3-2aec55a7ad2a HTTP/1.1" 200 -
2024-12-02 19:50:03,497 - INFO - 127.0.0.1 - - [02/Dec/2024 19:50:03] "GET /status/1f217f8d-2f5b-4225-a6c3-2aec55a7ad2a HTTP/1.1" 200 -
2024-12-02 19:50:05,522 - INFO - 127.0.0.1 - - [02/Dec/2024 19:50:05] "GET /status/1f217f8d-2f5b-4225-a6c3-2aec55a7ad2a HTTP/1.1" 200 -
2024-12-02 19:50:07,540 - INFO - 127.0.0.1 - - [02/Dec/2024 19:50:07] "GET /status/1f217f8d-2f5b-4225-a6c3-2aec55a7ad2a HTTP/1.1" 200 -
2024-12-02 19:50:09,561 - INFO - 127.0.0.1 - - [02/Dec/2024 19:50:09] "GET /status/1f217f8d-2f5b-4225-a6c3-2aec55a7ad2a HTTP/1.1" 200 -
2024-12-02 19:50:11,574 - INFO - 127.0.0.1 - - [02/Dec/2024 19:50:11] "GET /status/1f217f8d-2f5b-4225-a6c3-2aec55a7ad2a HTTP/1.1" 200 -
2024-12-02 19:50:13,597 - INFO - 127.0.0.1 - - [02/Dec/2024 19:50:13] "GET /status/1f217f8d-2f5b-4225-a6c3-2aec55a7ad2a HTTP/1.1" 200 -
2024-12-02 19:50:15,612 - INFO - 127.0.0.1 - - [02/Dec/2024 19:50:15] "GET /status/1f217f8d-2f5b-4225-a6c3-2aec55a7ad2a HTTP/1.1" 200 -
2024-12-02 19:50:17,632 - INFO - 127.0.0.1 - - [02/Dec/2024 19:50:17] "GET /status/1f217f8d-2f5b-4225-a6c3-2aec55a7ad2a HTTP/1.1" 200 -
2024-12-02 19:50:19,646 - INFO - 127.0.0.1 - - [02/Dec/2024 19:50:19] "GET /status/1f217f8d-2f5b-4225-a6c3-2aec55a7ad2a HTTP/1.1" 200 -
2024-12-02 19:54:24,943 - INFO - 127.0.0.1 - - [02/Dec/2024 19:54:24] "OPTIONS /book-room HTTP/1.1" 200 -
2024-12-02 19:54:24,956 - INFO - 127.0.0.1 - - [02/Dec/2024 19:54:24] "[35m[1mPOST /book-room HTTP/1.1[0m" 202 -
2024-12-02 19:54:24,970 - INFO - 127.0.0.1 - - [02/Dec/2024 19:54:24] "GET /status/47a37496-70bc-4dbc-b92e-b82b6636cc3a HTTP/1.1" 200 -
2024-12-02 19:54:26,992 - INFO - 127.0.0.1 - - [02/Dec/2024 19:54:26] "GET /status/47a37496-70bc-4dbc-b92e-b82b6636cc3a HTTP/1.1" 200 -
2024-12-02 19:54:29,019 - INFO - 127.0.0.1 - - [02/Dec/2024 19:54:29] "GET /status/47a37496-70bc-4dbc-b92e-b82b6636cc3a HTTP/1.1" 200 -
2024-12-02 19:54:31,039 - INFO - 127.0.0.1 - - [02/Dec/2024 19:54:31] "GET /status/47a37496-70bc-4dbc-b92e-b82b6636cc3a HTTP/1.1" 200 -
2024-12-02 19:54:33,057 - INFO - 127.0.0.1 - - [02/Dec/2024 19:54:33] "GET /status/47a37496-70bc-4dbc-b92e-b82b6636cc3a HTTP/1.1" 200 -
2024-12-02 19:54:35,078 - INFO - 127.0.0.1 - - [02/Dec/2024 19:54:35] "GET /status/47a37496-70bc-4dbc-b92e-b82b6636cc3a HTTP/1.1" 200 -
2024-12-02 19:54:37,093 - INFO - 127.0.0.1 - - [02/Dec/2024 19:54:37] "GET /status/47a37496-70bc-4dbc-b92e-b82b6636cc3a HTTP/1.1" 200 -
2024-12-02 19:54:51,363 - INFO - 127.0.0.1 - - [02/Dec/2024 19:54:51] "OPTIONS /book-room HTTP/1.1" 200 -
2024-12-02 19:54:51,379 - INFO - 127.0.0.1 - - [02/Dec/2024 19:54:51] "[35m[1mPOST /book-room HTTP/1.1[0m" 202 -
2024-12-02 19:54:51,399 - INFO - 127.0.0.1 - - [02/Dec/2024 19:54:51] "GET /status/c56bb103-f40b-43c3-b969-be45b9d3fb1c HTTP/1.1" 200 -
2024-12-02 19:54:53,417 - INFO - 127.0.0.1 - - [02/Dec/2024 19:54:53] "GET /status/c56bb103-f40b-43c3-b969-be45b9d3fb1c HTTP/1.1" 200 -
2024-12-02 19:54:55,434 - INFO - 127.0.0.1 - - [02/Dec/2024 19:54:55] "GET /status/c56bb103-f40b-43c3-b969-be45b9d3fb1c HTTP/1.1" 200 -
2024-12-02 19:54:57,462 - INFO - 127.0.0.1 - - [02/Dec/2024 19:54:57] "GET /status/c56bb103-f40b-43c3-b969-be45b9d3fb1c HTTP/1.1" 200 -
2024-12-02 19:54:59,490 - INFO - 127.0.0.1 - - [02/Dec/2024 19:54:59] "GET /status/c56bb103-f40b-43c3-b969-be45b9d3fb1c HTTP/1.1" 200 -
2024-12-02 19:55:01,504 - INFO - 127.0.0.1 - - [02/Dec/2024 19:55:01] "GET /status/c56bb103-f40b-43c3-b969-be45b9d3fb1c HTTP/1.1" 200 -
2024-12-02 19:55:03,525 - INFO - 127.0.0.1 - - [02/Dec/2024 19:55:03] "GET /status/c56bb103-f40b-43c3-b969-be45b9d3fb1c HTTP/1.1" 200 -
2024-12-02 19:55:05,552 - INFO - 127.0.0.1 - - [02/Dec/2024 19:55:05] "GET /status/c56bb103-f40b-43c3-b969-be45b9d3fb1c HTTP/1.1" 200 -
2024-12-02 19:55:07,569 - INFO - 127.0.0.1 - - [02/Dec/2024 19:55:07] "GET /status/c56bb103-f40b-43c3-b969-be45b9d3fb1c HTTP/1.1" 200 -
2024-12-02 19:55:09,590 - INFO - 127.0.0.1 - - [02/Dec/2024 19:55:09] "GET /status/c56bb103-f40b-43c3-b969-be45b9d3fb1c HTTP/1.1" 200 -
2024-12-02 19:55:11,611 - INFO - 127.0.0.1 - - [02/Dec/2024 19:55:11] "GET /status/c56bb103-f40b-43c3-b969-be45b9d3fb1c HTTP/1.1" 200 -
2024-12-02 19:59:33,240 - DEBUG - load_ssl_context verify=True cert=None trust_env=True http2=False
2024-12-02 19:59:33,240 - DEBUG - load_verify_locations cafile='/root/anaconda3/envs/smartbook_wsl/lib/python3.11/site-packages/certifi/cacert.pem'
2024-12-02 19:59:33,266 - DEBUG - 
def chord(self, header, body, partial_args=0, interval=1, countdown=2, max_retries=3, eager=4, **kwargs):
    return 1

2024-12-02 19:59:33,267 - DEBUG - 
def chunks(task, it, n):
    return 1

2024-12-02 19:59:33,269 - DEBUG - 
def unlock_chord(self, group_id, callback, interval=0, max_retries=1, result=2, Result=3, GroupResult=4, result_from_tuple=5, **kwargs):
    return 1

2024-12-02 19:59:33,271 - DEBUG - 
def group(self, tasks, result, group_id, partial_args, add_to_parent=0):
    return 1

2024-12-02 19:59:33,274 - DEBUG - 
def xmap(task, it):
    return 1

2024-12-02 19:59:33,275 - DEBUG - 
def backend_cleanup():
    return 1

2024-12-02 19:59:33,275 - DEBUG - 
def chain(*args, **kwargs):
    return 1

2024-12-02 19:59:33,276 - DEBUG - 
def xstarmap(task, it):
    return 1

2024-12-02 19:59:33,277 - DEBUG - 
def accumulate(self, *args, **kwargs):
    return 1

2024-12-02 19:59:33,278 - DEBUG - 
def process_booking_request(requirements):
    return 1

2024-12-02 19:59:39,913 - DEBUG - load_ssl_context verify=True cert=None trust_env=True http2=False
2024-12-02 19:59:39,914 - DEBUG - load_verify_locations cafile='/root/anaconda3/envs/smartbook_wsl/lib/python3.11/site-packages/certifi/cacert.pem'
2024-12-02 19:59:39,945 - INFO - [31m[1mWARNING: This is a development server. Do not use it in a production deployment. Use a production WSGI server instead.[0m
 * Running on all addresses (0.0.0.0)
 * Running on http://127.0.0.1:5000
 * Running on http://172.25.141.89:5000
2024-12-02 19:59:39,946 - INFO - [33mPress CTRL+C to quit[0m
2024-12-02 19:59:39,947 - INFO -  * Restarting with stat
2024-12-02 19:59:40,762 - DEBUG - load_ssl_context verify=True cert=None trust_env=True http2=False
2024-12-02 19:59:40,763 - DEBUG - load_verify_locations cafile='/root/anaconda3/envs/smartbook_wsl/lib/python3.11/site-packages/certifi/cacert.pem'
2024-12-02 19:59:40,787 - WARNING -  * Debugger is active!
2024-12-02 19:59:40,788 - INFO -  * Debugger PIN: 484-915-569
2024-12-02 20:03:35,058 - INFO - 127.0.0.1 - - [02/Dec/2024 20:03:35] "OPTIONS /book-room HTTP/1.1" 200 -
2024-12-02 20:03:35,069 - DEBUG - 
def chain(*args, **kwargs):
    return 1

2024-12-02 20:03:35,073 - DEBUG - 
def xstarmap(task, it):
    return 1

2024-12-02 20:03:35,074 - DEBUG - 
def accumulate(self, *args, **kwargs):
    return 1

2024-12-02 20:03:35,076 - DEBUG - 
def chord(self, header, body, partial_args=0, interval=1, countdown=2, max_retries=3, eager=4, **kwargs):
    return 1

2024-12-02 20:03:35,077 - DEBUG - 
def process_booking_request(requirements):
    return 1

2024-12-02 20:03:35,078 - DEBUG - 
def chunks(task, it, n):
    return 1

2024-12-02 20:03:35,079 - DEBUG - 
def unlock_chord(self, group_id, callback, interval=0, max_retries=1, result=2, Result=3, GroupResult=4, result_from_tuple=5, **kwargs):
    return 1

2024-12-02 20:03:35,080 - DEBUG - 
def group(self, tasks, result, group_id, partial_args, add_to_parent=0):
    return 1

2024-12-02 20:03:35,080 - DEBUG - 
def xmap(task, it):
    return 1

2024-12-02 20:03:35,081 - DEBUG - 
def backend_cleanup():
    return 1

2024-12-02 20:03:35,166 - INFO - 127.0.0.1 - - [02/Dec/2024 20:03:35] "[35m[1mPOST /book-room HTTP/1.1[0m" 202 -
2024-12-02 20:03:35,183 - INFO - 127.0.0.1 - - [02/Dec/2024 20:03:35] "GET /status/9336bdc4-88fe-4f0f-b17a-0453edff0212 HTTP/1.1" 200 -
2024-12-02 20:03:37,211 - INFO - 127.0.0.1 - - [02/Dec/2024 20:03:37] "GET /status/9336bdc4-88fe-4f0f-b17a-0453edff0212 HTTP/1.1" 200 -
2024-12-02 20:03:39,227 - INFO - 127.0.0.1 - - [02/Dec/2024 20:03:39] "GET /status/9336bdc4-88fe-4f0f-b17a-0453edff0212 HTTP/1.1" 200 -
2024-12-02 20:03:41,250 - INFO - 127.0.0.1 - - [02/Dec/2024 20:03:41] "GET /status/9336bdc4-88fe-4f0f-b17a-0453edff0212 HTTP/1.1" 200 -
2024-12-02 20:03:43,280 - INFO - 127.0.0.1 - - [02/Dec/2024 20:03:43] "GET /status/9336bdc4-88fe-4f0f-b17a-0453edff0212 HTTP/1.1" 200 -
2024-12-02 20:03:45,299 - INFO - 127.0.0.1 - - [02/Dec/2024 20:03:45] "GET /status/9336bdc4-88fe-4f0f-b17a-0453edff0212 HTTP/1.1" 200 -
2024-12-02 20:03:47,320 - INFO - 127.0.0.1 - - [02/Dec/2024 20:03:47] "GET /status/9336bdc4-88fe-4f0f-b17a-0453edff0212 HTTP/1.1" 200 -
2024-12-02 20:03:49,336 - INFO - 127.0.0.1 - - [02/Dec/2024 20:03:49] "GET /status/9336bdc4-88fe-4f0f-b17a-0453edff0212 HTTP/1.1" 200 -
2024-12-02 20:03:51,358 - INFO - 127.0.0.1 - - [02/Dec/2024 20:03:51] "GET /status/9336bdc4-88fe-4f0f-b17a-0453edff0212 HTTP/1.1" 200 -
2024-12-02 20:03:53,375 - INFO - 127.0.0.1 - - [02/Dec/2024 20:03:53] "GET /status/9336bdc4-88fe-4f0f-b17a-0453edff0212 HTTP/1.1" 200 -
2024-12-02 20:04:43,249 - INFO - 127.0.0.1 - - [02/Dec/2024 20:04:43] "OPTIONS /book-room HTTP/1.1" 200 -
2024-12-02 20:04:43,267 - INFO - 127.0.0.1 - - [02/Dec/2024 20:04:43] "[35m[1mPOST /book-room HTTP/1.1[0m" 202 -
2024-12-02 20:04:43,285 - INFO - 127.0.0.1 - - [02/Dec/2024 20:04:43] "GET /status/6019d51e-a469-431f-8159-0441df25117c HTTP/1.1" 200 -
2024-12-02 20:04:45,329 - INFO - 127.0.0.1 - - [02/Dec/2024 20:04:45] "GET /status/6019d51e-a469-431f-8159-0441df25117c HTTP/1.1" 200 -
2024-12-02 20:04:47,344 - INFO - 127.0.0.1 - - [02/Dec/2024 20:04:47] "GET /status/6019d51e-a469-431f-8159-0441df25117c HTTP/1.1" 200 -
2024-12-02 20:04:49,360 - INFO - 127.0.0.1 - - [02/Dec/2024 20:04:49] "GET /status/6019d51e-a469-431f-8159-0441df25117c HTTP/1.1" 200 -
2024-12-02 20:05:04,756 - INFO - 127.0.0.1 - - [02/Dec/2024 20:05:04] "OPTIONS /book-room HTTP/1.1" 200 -
2024-12-02 20:05:04,772 - INFO - 127.0.0.1 - - [02/Dec/2024 20:05:04] "[35m[1mPOST /book-room HTTP/1.1[0m" 202 -
2024-12-02 20:05:04,789 - INFO - 127.0.0.1 - - [02/Dec/2024 20:05:04] "GET /status/c158e92a-7e53-4bc8-8234-04ac1c57d14a HTTP/1.1" 200 -
2024-12-02 20:05:06,817 - INFO - 127.0.0.1 - - [02/Dec/2024 20:05:06] "GET /status/c158e92a-7e53-4bc8-8234-04ac1c57d14a HTTP/1.1" 200 -
2024-12-02 20:05:08,840 - INFO - 127.0.0.1 - - [02/Dec/2024 20:05:08] "GET /status/c158e92a-7e53-4bc8-8234-04ac1c57d14a HTTP/1.1" 200 -
2024-12-02 20:05:10,862 - INFO - 127.0.0.1 - - [02/Dec/2024 20:05:10] "GET /status/c158e92a-7e53-4bc8-8234-04ac1c57d14a HTTP/1.1" 200 -
2024-12-02 20:05:12,887 - INFO - 127.0.0.1 - - [02/Dec/2024 20:05:12] "GET /status/c158e92a-7e53-4bc8-8234-04ac1c57d14a HTTP/1.1" 200 -
2024-12-02 20:05:14,907 - INFO - 127.0.0.1 - - [02/Dec/2024 20:05:14] "GET /status/c158e92a-7e53-4bc8-8234-04ac1c57d14a HTTP/1.1" 200 -
2024-12-02 20:05:16,924 - INFO - 127.0.0.1 - - [02/Dec/2024 20:05:16] "GET /status/c158e92a-7e53-4bc8-8234-04ac1c57d14a HTTP/1.1" 200 -
2024-12-02 20:05:18,944 - INFO - 127.0.0.1 - - [02/Dec/2024 20:05:18] "GET /status/c158e92a-7e53-4bc8-8234-04ac1c57d14a HTTP/1.1" 200 -
2024-12-02 20:05:20,965 - INFO - 127.0.0.1 - - [02/Dec/2024 20:05:20] "GET /status/c158e92a-7e53-4bc8-8234-04ac1c57d14a HTTP/1.1" 200 -
2024-12-02 20:05:22,981 - INFO - 127.0.0.1 - - [02/Dec/2024 20:05:22] "GET /status/c158e92a-7e53-4bc8-8234-04ac1c57d14a HTTP/1.1" 200 -
2024-12-02 20:05:25,000 - INFO - 127.0.0.1 - - [02/Dec/2024 20:05:25] "GET /status/c158e92a-7e53-4bc8-8234-04ac1c57d14a HTTP/1.1" 200 -
2024-12-02 20:06:37,074 - INFO - 127.0.0.1 - - [02/Dec/2024 20:06:37] "OPTIONS /book-room HTTP/1.1" 200 -
2024-12-02 20:06:37,089 - INFO - 127.0.0.1 - - [02/Dec/2024 20:06:37] "[35m[1mPOST /book-room HTTP/1.1[0m" 202 -
2024-12-02 20:06:37,109 - INFO - 127.0.0.1 - - [02/Dec/2024 20:06:37] "GET /status/72c0e325-2c37-42eb-9b8b-ce7100709df6 HTTP/1.1" 200 -
2024-12-02 20:06:39,126 - INFO - 127.0.0.1 - - [02/Dec/2024 20:06:39] "GET /status/72c0e325-2c37-42eb-9b8b-ce7100709df6 HTTP/1.1" 200 -
2024-12-02 20:06:41,147 - INFO - 127.0.0.1 - - [02/Dec/2024 20:06:41] "GET /status/72c0e325-2c37-42eb-9b8b-ce7100709df6 HTTP/1.1" 200 -
2024-12-02 20:06:43,170 - INFO - 127.0.0.1 - - [02/Dec/2024 20:06:43] "GET /status/72c0e325-2c37-42eb-9b8b-ce7100709df6 HTTP/1.1" 200 -
2024-12-02 20:06:45,193 - INFO - 127.0.0.1 - - [02/Dec/2024 20:06:45] "GET /status/72c0e325-2c37-42eb-9b8b-ce7100709df6 HTTP/1.1" 200 -
2024-12-02 20:06:47,212 - INFO - 127.0.0.1 - - [02/Dec/2024 20:06:47] "GET /status/72c0e325-2c37-42eb-9b8b-ce7100709df6 HTTP/1.1" 200 -
2024-12-02 20:06:49,233 - INFO - 127.0.0.1 - - [02/Dec/2024 20:06:49] "GET /status/72c0e325-2c37-42eb-9b8b-ce7100709df6 HTTP/1.1" 200 -
2024-12-02 20:06:51,256 - INFO - 127.0.0.1 - - [02/Dec/2024 20:06:51] "GET /status/72c0e325-2c37-42eb-9b8b-ce7100709df6 HTTP/1.1" 200 -
2024-12-02 20:06:53,277 - INFO - 127.0.0.1 - - [02/Dec/2024 20:06:53] "GET /status/72c0e325-2c37-42eb-9b8b-ce7100709df6 HTTP/1.1" 200 -
2024-12-02 20:06:55,300 - INFO - 127.0.0.1 - - [02/Dec/2024 20:06:55] "GET /status/72c0e325-2c37-42eb-9b8b-ce7100709df6 HTTP/1.1" 200 -
2024-12-02 20:07:55,392 - INFO - 127.0.0.1 - - [02/Dec/2024 20:07:55] "OPTIONS /book-room HTTP/1.1" 200 -
2024-12-02 20:07:55,407 - INFO - 127.0.0.1 - - [02/Dec/2024 20:07:55] "[35m[1mPOST /book-room HTTP/1.1[0m" 202 -
2024-12-02 20:07:55,428 - INFO - 127.0.0.1 - - [02/Dec/2024 20:07:55] "GET /status/72a3bceb-dccd-4fb2-bf61-6a75b772d65a HTTP/1.1" 200 -
2024-12-02 20:07:57,451 - INFO - 127.0.0.1 - - [02/Dec/2024 20:07:57] "GET /status/72a3bceb-dccd-4fb2-bf61-6a75b772d65a HTTP/1.1" 200 -
2024-12-02 20:07:59,475 - INFO - 127.0.0.1 - - [02/Dec/2024 20:07:59] "GET /status/72a3bceb-dccd-4fb2-bf61-6a75b772d65a HTTP/1.1" 200 -
2024-12-02 20:08:01,500 - INFO - 127.0.0.1 - - [02/Dec/2024 20:08:01] "GET /status/72a3bceb-dccd-4fb2-bf61-6a75b772d65a HTTP/1.1" 200 -
2024-12-02 20:08:03,518 - INFO - 127.0.0.1 - - [02/Dec/2024 20:08:03] "GET /status/72a3bceb-dccd-4fb2-bf61-6a75b772d65a HTTP/1.1" 200 -
2024-12-02 20:08:05,544 - INFO - 127.0.0.1 - - [02/Dec/2024 20:08:05] "GET /status/72a3bceb-dccd-4fb2-bf61-6a75b772d65a HTTP/1.1" 200 -
2024-12-02 20:08:07,567 - INFO - 127.0.0.1 - - [02/Dec/2024 20:08:07] "GET /status/72a3bceb-dccd-4fb2-bf61-6a75b772d65a HTTP/1.1" 200 -
2024-12-02 20:08:09,592 - INFO - 127.0.0.1 - - [02/Dec/2024 20:08:09] "GET /status/72a3bceb-dccd-4fb2-bf61-6a75b772d65a HTTP/1.1" 200 -
2024-12-02 20:08:11,613 - INFO - 127.0.0.1 - - [02/Dec/2024 20:08:11] "GET /status/72a3bceb-dccd-4fb2-bf61-6a75b772d65a HTTP/1.1" 200 -
2024-12-02 20:08:13,661 - INFO - 127.0.0.1 - - [02/Dec/2024 20:08:13] "GET /status/72a3bceb-dccd-4fb2-bf61-6a75b772d65a HTTP/1.1" 200 -
2024-12-02 20:09:28,417 - INFO - 127.0.0.1 - - [02/Dec/2024 20:09:28] "OPTIONS /book-room HTTP/1.1" 200 -
2024-12-02 20:09:28,429 - INFO - 127.0.0.1 - - [02/Dec/2024 20:09:28] "[35m[1mPOST /book-room HTTP/1.1[0m" 202 -
2024-12-02 20:09:28,450 - INFO - 127.0.0.1 - - [02/Dec/2024 20:09:28] "GET /status/39294dd1-3cf6-4e99-96e5-13758f911981 HTTP/1.1" 200 -
2024-12-02 20:09:30,490 - INFO - 127.0.0.1 - - [02/Dec/2024 20:09:30] "GET /status/39294dd1-3cf6-4e99-96e5-13758f911981 HTTP/1.1" 200 -
2024-12-02 20:09:32,510 - INFO - 127.0.0.1 - - [02/Dec/2024 20:09:32] "GET /status/39294dd1-3cf6-4e99-96e5-13758f911981 HTTP/1.1" 200 -
2024-12-02 20:09:34,541 - INFO - 127.0.0.1 - - [02/Dec/2024 20:09:34] "GET /status/39294dd1-3cf6-4e99-96e5-13758f911981 HTTP/1.1" 200 -
2024-12-02 20:09:36,561 - INFO - 127.0.0.1 - - [02/Dec/2024 20:09:36] "GET /status/39294dd1-3cf6-4e99-96e5-13758f911981 HTTP/1.1" 200 -
2024-12-02 20:09:38,586 - INFO - 127.0.0.1 - - [02/Dec/2024 20:09:38] "GET /status/39294dd1-3cf6-4e99-96e5-13758f911981 HTTP/1.1" 200 -
2024-12-02 20:09:40,602 - INFO - 127.0.0.1 - - [02/Dec/2024 20:09:40] "GET /status/39294dd1-3cf6-4e99-96e5-13758f911981 HTTP/1.1" 200 -
2024-12-02 20:09:42,616 - INFO - 127.0.0.1 - - [02/Dec/2024 20:09:42] "GET /status/39294dd1-3cf6-4e99-96e5-13758f911981 HTTP/1.1" 200 -
2024-12-02 20:09:44,643 - INFO - 127.0.0.1 - - [02/Dec/2024 20:09:44] "GET /status/39294dd1-3cf6-4e99-96e5-13758f911981 HTTP/1.1" 200 -
2024-12-02 20:09:46,689 - INFO - 127.0.0.1 - - [02/Dec/2024 20:09:46] "GET /status/39294dd1-3cf6-4e99-96e5-13758f911981 HTTP/1.1" 200 -
2024-12-02 20:09:48,701 - INFO - 127.0.0.1 - - [02/Dec/2024 20:09:48] "GET /status/39294dd1-3cf6-4e99-96e5-13758f911981 HTTP/1.1" 200 -
2024-12-02 20:09:50,723 - INFO - 127.0.0.1 - - [02/Dec/2024 20:09:50] "GET /status/39294dd1-3cf6-4e99-96e5-13758f911981 HTTP/1.1" 200 -
2024-12-02 20:09:52,747 - INFO - 127.0.0.1 - - [02/Dec/2024 20:09:52] "GET /status/39294dd1-3cf6-4e99-96e5-13758f911981 HTTP/1.1" 200 -
2024-12-02 20:09:54,770 - INFO - 127.0.0.1 - - [02/Dec/2024 20:09:54] "GET /status/39294dd1-3cf6-4e99-96e5-13758f911981 HTTP/1.1" 200 -
2024-12-02 20:09:56,787 - INFO - 127.0.0.1 - - [02/Dec/2024 20:09:56] "GET /status/39294dd1-3cf6-4e99-96e5-13758f911981 HTTP/1.1" 200 -
2024-12-02 20:09:58,797 - INFO - 127.0.0.1 - - [02/Dec/2024 20:09:58] "GET /status/39294dd1-3cf6-4e99-96e5-13758f911981 HTTP/1.1" 200 -
